20241111	15:45:10	26b31a86-02b6-4e82-a82b-818f6d463b1f	GET	/	undefined
20241111	15:45:10	24a464df-3fad-48e5-a57c-1ed4b134c5b0	GET	/css/style.css	undefined
20241111	17:57:33	e7d772e4-81e6-4b64-9d8a-067e534c0e4a	GET	/users	undefined
20241111	17:59:29	ac5078f6-0ed7-4d4c-8ba7-02545f2ac681	GET	/users	undefined
20241111	17:59:34	8126b78a-b638-4752-bb49-006ec442a982	POST	/users	undefined
20241111	18:00:32	370d036d-03bf-49ed-9e1a-214cda10379c	POST	/users	undefined
20241111	18:01:51	5783a727-5e89-46ea-8d96-95c3db1c88d2	POST	/users	undefined
20241111	18:02:29	5f8e3f12-26d8-4316-95c6-fafd90f0f2fb	POST	/users	undefined
20241111	18:03:12	63f46184-7c1f-424a-8ffe-8830c9d3a06c	POST	/users	undefined
20241111	18:03:56	79430988-461d-49de-b4b3-5c45c7f11b55	POST	/users	undefined
20241111	18:04:36	69250fa3-ab09-4e81-b71e-afbde5eacaf5	POST	/users	undefined
20241111	18:05:34	6974c54f-bcb9-4e46-aef4-292d91028dd2	POST	/users	undefined
20241111	18:05:56	869833a8-dec7-4d54-a17f-c1bec6d695f7	POST	/users	undefined
20241111	18:07:47	8c4e0a33-16b8-470f-ba05-0a4d3bb2d7c0	POST	/users	undefined
20241111	18:08:42	80170717-a5f0-4c26-82b2-258c1c77e23f	POST	/users	undefined
20241111	18:10:09	253ab9df-b0a9-4e98-a2e1-15b01d4189f5	POST	/users	undefined
20241111	18:10:33	5496a7d4-f9af-48fb-a332-8f24dba3dfab	POST	/users	undefined
20241111	18:11:12	b630504d-2939-4c6b-8ea1-172f9af3e6c5	POST	/users	undefined
20241112	09:59:44	bd1bfb95-aabb-4036-b9ba-13cac6a8459a	GET	/users	undefined
20241112	10:00:11	8c07c8f6-fa89-4297-bb1c-4b4c067a38b6	PATCH	/users	undefined
20241112	10:00:33	aaff1390-0e57-470e-a432-9423fb3cc5b5	PATCH	/users	undefined
20241112	10:00:46	21d48045-e3c2-4be4-a6c8-a1f2dcbcc103	PATCH	/users	undefined
20241112	10:00:56	77530e73-d7d3-4500-a640-deaf24ceef7d	PATCH	/users	undefined
20241112	10:09:00	de094b19-f729-445e-947e-2f3daf6398aa	GET	/users	undefined
20241112	10:09:43	6c970ac2-fec3-4c05-8a04-cd4d62bc5aa7	PATCH	/users	undefined
20241112	10:10:32	c4927b57-e3c1-4485-9bad-3b1a73d9f0cc	PATCH	/users	undefined
20241112	10:12:01	f23103c6-19da-4071-b8f1-550073b2edc3	PATCH	/users	undefined
20241112	10:13:21	67476392-ffae-40e4-83f0-e750eb264f5b	GET	/users	undefined
20241112	10:13:51	21153c85-9926-4f83-99f3-0c8b51235dab	PATCH	/users	undefined
20241112	10:15:47	620fdcec-7b34-4f55-bdaf-006b260957ef	PATCH	/users	undefined
20241112	10:16:10	ad9ce8a1-8363-4a68-8d4c-be988505365b	PATCH	/users	undefined
20241112	10:17:27	2bbd5c9e-6006-44e8-adf5-962eebc40ab4	PATCH	/users	undefined
20241112	10:17:36	c855aa16-7f01-40aa-80c3-ed0054026960	PATCH	/users	undefined
20241112	10:17:44	3b73d7b0-f2f1-4522-8a28-01fe65cca915	PATCH	/users	undefined
20241112	10:17:51	e386f468-0301-4ed8-af03-49e3f95014d3	GET	/users	undefined
20241112	10:19:36	f3927362-4ed6-4e22-8dff-e977f6142381	DELETE	/users	undefined
20241112	10:21:05	5edfee26-d1de-4f53-b15e-d1187390cc11	DELETE	/users	undefined
20241112	10:21:15	b3519adb-7c28-4df0-b17b-2b38cb3c0b69	DELETE	/users	undefined
20241112	10:21:17	d2762f9f-050d-45fa-b359-3059f6b19740	DELETE	/users	undefined
20241112	10:21:18	82d68402-0b4a-4281-9966-ca94e568184c	DELETE	/users	undefined
20241112	10:21:18	fa15aef4-f304-4285-8671-26e5b20e64fb	DELETE	/users	undefined
20241112	10:21:18	4ab35fb4-47e5-49de-9892-8871a1266f45	DELETE	/users	undefined
20241112	10:21:25	bc77189a-ed7f-4719-b1c1-11ea2cd24b85	GET	/users	undefined
20241112	10:21:26	f227ae95-3b63-44ae-b0c6-fea9a27534e1	GET	/users	undefined
20241112	10:21:26	76db464e-c1e5-4de2-bb35-500eceb500a0	GET	/users	undefined
20241112	10:21:27	571d9d18-9c0f-49f4-b4bd-9a4818055bcb	GET	/users	undefined
20241112	10:21:45	52eabd84-6baf-46f4-8fb6-2ede413bbb3f	GET	/users	undefined
20241112	10:22:31	cac3af70-c2b0-4aea-b9af-789618b50745	POST	/users	undefined
20241112	10:22:39	ed7ec3b3-a3cb-46be-b8aa-eff5b65b69b6	GET	/users	undefined
20241112	10:23:01	88b64919-d68d-42e6-8195-0502e07a4373	GET	/users	undefined
20241112	10:23:02	8d7f0cb4-e6f5-4e0f-80cd-6e96afab1c6f	GET	/users	undefined
20241112	10:23:10	e3920b53-cfe7-46f6-8604-ea3a6e6f9738	DELETE	/users	undefined
20241112	10:23:22	55347984-6e1c-4990-8a26-d176ce073331	GET	/users	undefined
20241112	10:23:35	0eded029-571e-412e-ac3b-7a57ecc2f915	DELETE	/users	undefined
20241112	10:23:49	44d2c9fc-e4cf-47de-bdab-ba477418b877	GET	/users	undefined
20241112	10:24:35	308e244a-6fc5-41a8-b508-2f1ee9c79eef	POST	/users	undefined
20241112	10:24:53	b6e81ff2-1130-403c-90ec-ed85d66d5860	POST	/users	undefined
20241112	10:24:59	3ca417bc-93bc-474d-94a5-06d63de34525	GET	/users	undefined
20241112	12:20:30	ab7e86b9-946c-4a2a-a547-90cc83fba55c	GET	/users	http://localhost:3001
20241112	12:20:37	8d021508-ac48-4644-801b-bfcad57f7021	GET	/users	http://localhost:3001
20241112	12:21:57	fff16d88-96e9-4f0d-a39e-ced974806bf3	GET	/users	http://localhost:3001
20241112	12:22:22	0029940c-ef0b-4e85-9e26-a91ac03ecbb4	GET	/users	http://localhost:3001
20241112	12:23:38	e4e2fb12-0204-406f-b08f-2c6cf7ebc327	GET	/users	http://localhost:3001
20241112	12:23:47	c446107d-081c-4cb5-9347-b65a2bd7a41d	GET	/users	http://localhost:3001
20241112	12:32:40	70758abe-f491-46c2-b394-e91cb2ca1661	GET	/notes	http://localhost:3001
20241112	12:32:44	40ec3341-c5c7-4345-8e9a-5689a6eac51e	GET	/notes	http://localhost:3001
20241112	12:32:54	e38c0967-a0c4-4f4d-bcd0-f84b3c5bf3a5	GET	/notes	http://localhost:3001
20241112	12:33:09	1e16e8c2-ceb7-45ed-9455-77827f6e3dfa	GET	/notes	http://localhost:3001
20241112	12:33:24	a5086fc9-636a-4d7f-ae33-d84a27a7e7f4	GET	/notes	http://localhost:3001
20241112	12:33:40	6015e238-80ab-4923-b612-386f92dd6f96	GET	/notes	http://localhost:3001
20241112	12:33:56	9a2ad697-f654-4df1-b8f5-cd08210db998	GET	/notes	http://localhost:3001
20241112	12:34:12	f4203f73-bc49-49b5-84cc-8927ababfe40	GET	/notes	http://localhost:3001
20241112	12:34:28	351b22ac-d1f0-4446-be03-bc90a97043e2	GET	/notes	http://localhost:3001
20241112	12:34:44	c418c0e9-fc3f-4f0e-bd87-c734892c1591	GET	/notes	http://localhost:3001
20241112	12:38:43	b93549a7-ebaf-4f6d-95e4-77b467f3db5b	GET	/notes	http://localhost:3001
20241112	12:38:59	6f62e085-4912-431e-b8d2-7ab874d547eb	GET	/notes	http://localhost:3001
20241112	12:39:15	39667496-c8f5-4ab3-bd2b-0c71fba94ede	GET	/notes	http://localhost:3001
20241112	12:39:31	e7165cd9-b041-43c0-9124-5eb79dd61272	GET	/notes	http://localhost:3001
20241112	12:39:47	4d4f651e-14ac-4a8c-8182-a40ef4048be6	GET	/notes	http://localhost:3001
20241112	12:40:03	f09152b5-fa6f-4e22-a69d-e9cd91ef7d2a	GET	/notes	http://localhost:3001
20241112	12:40:19	1a66f48a-c69e-4851-9309-bd128b9de55b	GET	/notes	http://localhost:3001
20241112	12:40:35	08a39e06-d71b-47f1-9867-dfd958d81916	GET	/notes	http://localhost:3001
20241112	12:40:51	06e81c9e-3bc8-4a18-93e0-bd917fcbf830	GET	/notes	http://localhost:3001
20241112	12:41:07	8cf523fb-a80e-4f7a-b667-0305cbd223f1	GET	/notes	http://localhost:3001
20241112	12:41:23	b4df3009-995d-4b96-ba39-3208ff92ff9e	GET	/notes	http://localhost:3001
20241112	12:41:39	13cae621-2b5d-4b96-b08a-e94567f49503	GET	/notes	http://localhost:3001
20241112	12:41:55	9b613c59-ccc0-4766-b4ba-861723f67d56	GET	/notes	http://localhost:3001
20241112	12:42:11	2057c505-8c94-4d4c-817b-cc6c12b522ae	GET	/notes	http://localhost:3001
20241112	12:42:46	416b7459-063c-400e-b540-8a0ac255deb1	GET	/notes	http://localhost:3001
20241112	12:43:20	e87a6d11-b69c-427e-ae42-5db62a28fc0f	GET	/notes	http://localhost:3001
20241112	12:43:36	c9e29025-6b18-4b47-b624-5792dc618bc0	GET	/notes	http://localhost:3001
20241112	12:43:52	cb2340e2-f0ab-43c5-a653-57c84d9c3657	GET	/notes	http://localhost:3001
20241112	12:44:08	26d9897c-b6f4-47c9-a46f-b432e07960d5	GET	/notes	http://localhost:3001
20241112	12:44:43	629283bb-41dc-4d81-85c7-2feb6b044e9c	GET	/notes	http://localhost:3001
20241112	12:44:59	13b6d049-76c5-4b15-b5c3-1905d6eb7d05	GET	/notes	http://localhost:3001
20241112	12:45:33	9233977a-17ee-4795-bf57-c3063ef0562a	GET	/notes	http://localhost:3001
20241112	12:45:49	18d8fea7-f6a9-4119-aea6-e8433c3cbfcf	GET	/notes	http://localhost:3001
20241112	12:46:41	dcbfcab4-5438-4c61-9f00-f6a0af7c7f6e	GET	/notes	http://localhost:3001
20241112	12:46:57	824f2e1a-5615-4b66-b727-b9dc4dc895ee	GET	/notes	http://localhost:3001
20241112	12:47:13	2d18b890-5eba-4153-a10c-cbba30fb3948	GET	/notes	http://localhost:3001
20241112	12:47:29	75f87ce0-fe13-409b-a652-facf414e164b	GET	/notes	http://localhost:3001
20241112	12:47:45	bfa71708-f938-480b-8235-264f4de6eac1	GET	/notes	http://localhost:3001
20241112	12:48:01	faad0c93-5c8f-4448-bce6-d953b94d597d	GET	/notes	http://localhost:3001
20241112	12:48:17	22e6297f-b748-4e17-a87d-6b00846491a6	GET	/notes	http://localhost:3001
20241112	12:50:03	dea3c857-37f9-4aa7-ac31-6c5cd071a5fc	GET	/notes	http://localhost:3001
20241112	12:50:19	c7b223d6-dae6-4ae3-bf7f-5bdfe5e66c30	GET	/notes	http://localhost:3001
20241112	12:50:25	94b42c44-a131-4a72-b601-02f7cceda179	GET	/notes	http://localhost:3001
20241112	12:50:40	f39d7328-23e0-4b5d-a003-bcdac44775d0	GET	/notes	http://localhost:3001
20241112	12:50:56	0dc4517d-9745-4b78-86e6-f3a31e9824af	GET	/notes	http://localhost:3001
20241112	13:15:52	b49eb0ae-5a55-4425-abf2-13207c75e98d	GET	/notes	http://localhost:3001
20241112	13:16:08	2e5e3e19-fd0d-4aa5-9a44-ed4f6456b2f6	GET	/notes	http://localhost:3001
20241112	13:16:24	0bee7804-b69c-44d8-b614-cb0aa2d2091b	GET	/notes	http://localhost:3001
20241112	13:16:39	0bb6e255-ddc4-4714-b271-ebadaee91a94	GET	/notes	http://localhost:3001
20241112	13:16:50	9604e07b-7b58-4590-b979-218b9f17d124	GET	/notes	http://localhost:3001
20241112	13:17:07	3eda0032-aa3c-4efd-80d0-cd18abbc90ba	GET	/notes	http://localhost:3001
20241112	13:17:23	2ff54208-3887-4bd2-9916-62dd98bd245f	GET	/notes	http://localhost:3001
20241112	13:17:39	6826eee0-787d-430e-80a9-19b444ecaa87	GET	/notes	http://localhost:3001
20241112	13:17:55	364740b4-b5ea-474d-8fb7-119248a1b49b	GET	/notes	http://localhost:3001
20241112	13:18:11	5d72b91b-57d4-46e7-96d8-38c854c4161a	GET	/notes	http://localhost:3001
20241112	13:18:27	a03f00f2-888b-4f57-a7fc-40be7abaf34a	GET	/notes	http://localhost:3001
20241112	13:18:43	cf38384d-65b7-473a-8604-39f21ef0efbf	GET	/notes	http://localhost:3001
20241112	13:18:59	ded5957e-5dd0-45a6-938c-cc2e68443952	GET	/notes	http://localhost:3001
20241112	13:18:59	2dd17d10-d5fa-4f96-99c6-3a11728dbe8a	GET	/notes	undefined
20241112	13:19:15	7d4cf859-048c-4e77-aa1b-24c4446be45f	GET	/notes	http://localhost:3001
20241112	13:19:31	73ac77d6-ab9d-439e-bc5c-524a667e67d0	GET	/notes	http://localhost:3001
20241112	13:19:42	fbbb70f5-1e1b-455c-87a3-d5d464799f8b	GET	/user	undefined
20241112	13:19:47	449211d4-0857-48f1-b044-58f6ed05c899	GET	/notes	http://localhost:3001
20241112	13:19:52	57e73591-d89b-4edb-8d6c-4c15fb1ee477	GET	/users	undefined
20241112	13:20:03	aad9e055-ee91-4bb6-a368-02a50bcfbd0c	GET	/notes	http://localhost:3001
20241112	13:20:19	2fbce4a6-311f-48e8-a528-3ef504924724	GET	/notes	http://localhost:3001
20241112	13:20:35	0b6709f8-e34f-4fed-a7a6-f3a96df4e4f6	GET	/notes	http://localhost:3001
20241112	13:20:51	f320392e-83ad-47cd-907f-6132847b7a98	GET	/notes	http://localhost:3001
20241112	13:21:07	f6e85b9f-4859-46c5-b9d1-640b001ebfe8	GET	/notes	http://localhost:3001
20241112	13:21:23	acc058fa-3a2b-476c-864a-6eaae83cd34e	GET	/notes	http://localhost:3001
20241112	13:21:39	4e3b4027-feba-462a-825d-00f8d58dc2b1	GET	/notes	http://localhost:3001
20241112	13:21:55	d57aef28-d738-4f62-b747-d7d13f3eb3eb	GET	/notes	http://localhost:3001
20241112	13:22:11	7786b491-b509-4f29-8315-5b45d00771e3	GET	/notes	http://localhost:3001
20241112	13:22:27	d4616445-105d-4221-bc85-c010a1ba0a3d	GET	/notes	http://localhost:3001
20241112	13:22:36	cf3baa84-c048-4590-8eb1-958e561c4192	POST	/notes	undefined
20241112	13:22:43	1f64346b-b18c-4ef0-a907-d0541b5ba595	GET	/notes	undefined
20241112	13:22:43	5a33f893-b299-49d8-aea7-be7fc371b867	GET	/notes	http://localhost:3001
20241112	13:22:58	7caefef0-4974-43f1-b1f0-911338a78971	GET	/notes	http://localhost:3001
20241112	13:23:13	f6f9cd64-90f0-4a49-8185-530f9a1b0056	GET	/notes	http://localhost:3001
20241112	13:23:29	2075f086-8dd7-4f18-80e1-7facf2dac160	GET	/notes	http://localhost:3001
20241112	13:23:45	53ad1f86-b49c-41d6-a227-47e11e28bd5c	GET	/notes	http://localhost:3001
20241112	13:23:47	3bac8680-c054-4ce5-a34d-4e7a345583ba	GET	/users	undefined
20241112	13:24:01	35ae79a5-2a08-4801-a507-644d02f61157	GET	/notes	http://localhost:3001
20241112	13:24:16	cabe6df8-f7b6-49fe-96b3-d878a1b96814	GET	/users	undefined
20241112	13:24:17	17a425b7-e862-4326-af2f-0c3f9629b2ba	GET	/notes	http://localhost:3001
20241112	13:24:29	eed3c509-a4c8-4e58-ac8e-5f79745c78b2	POST	/notes	undefined
20241112	13:24:32	08c67839-5320-4666-8339-ed1b8e753450	GET	/notes	http://localhost:3001
20241112	13:24:48	1a33d5a5-e603-4e49-a148-a633e5a3a72f	GET	/notes	http://localhost:3001
20241112	13:25:04	b273a811-3ce2-4c47-84b0-ca406cc98f86	GET	/notes	http://localhost:3001
20241112	13:25:14	3ca65ce2-6b0f-4e23-ad79-3302165244e7	GET	/notes	undefined
20241112	13:25:20	51079682-e9a8-434f-97fa-fc4e976ebd53	GET	/notes	http://localhost:3001
20241112	13:25:30	899dc6f1-4f77-4aaa-878e-894d1600860e	PATCH	/notes	undefined
20241112	13:25:36	ad05ad37-4f54-49d4-b487-33abec1fa7cd	GET	/notes	http://localhost:3001
20241112	13:25:49	7801e9a6-8f4e-483f-ab33-edacd29129c1	GET	/notes	http://localhost:3001
20241112	13:26:04	798cc0f4-a7a9-4f1e-b1c5-84a857b06e85	PATCH	/notes	undefined
20241112	13:26:05	1798553e-9dad-4577-b09b-899262a5e3f9	GET	/notes	http://localhost:3001
20241112	13:26:20	67543a68-8665-461a-8a7b-8e285ebbec5d	GET	/notes	http://localhost:3001
20241112	13:26:36	c91067a1-8071-4014-84a6-323d8c469333	GET	/notes	http://localhost:3001
20241112	13:26:43	b6c6c6ac-d4f0-4514-8cd7-2b9c8f65910b	GET	/notes	undefined
20241112	13:26:52	4d3c0a5a-379b-4113-b52f-5159714759ff	GET	/notes	http://localhost:3001
20241112	13:27:05	f7193fda-588b-4680-be59-3e28f3585b92	GET	/users	undefined
20241112	13:27:08	22bb04b6-a2da-4cbc-b887-58c8d1164282	GET	/notes	http://localhost:3001
20241112	13:27:24	154bb33d-2fcc-4003-a0ba-62c9605053de	GET	/notes	http://localhost:3001
20241112	13:27:35	0dad5888-da15-4694-8b0e-4f660b233e93	GET	/users	undefined
20241112	13:27:40	28e54bc5-9fa2-4b46-8532-e7616ec15c9a	GET	/notes	http://localhost:3001
20241112	13:27:43	903ef2b1-08d8-4bbe-a4cd-ae349043b249	POST	/notes	undefined
20241112	13:27:54	e8b58b68-3899-4f18-8b8f-8a9c3944a6c0	GET	/notes	http://localhost:3001
20241112	13:28:09	caee31bf-a03e-44bf-8a84-99166d38e7f6	POST	/notes	undefined
20241112	13:28:10	f52654f2-9287-45fa-8a3b-5a78a1b69228	GET	/notes	http://localhost:3001
20241112	13:28:26	a56b18b9-0705-483e-8e0a-6eb17b696674	GET	/notes	http://localhost:3001
20241112	13:28:42	02e6ba6b-d071-4dc0-99cd-e958a2a123ea	GET	/notes	http://localhost:3001
20241112	13:28:58	69dc13bc-cea2-41a7-af7c-d7bb28d2b03a	GET	/notes	http://localhost:3001
20241112	13:29:14	5e5d08c4-c394-4e33-8264-d31c498a3639	GET	/notes	http://localhost:3001
20241112	13:29:30	e5d74336-7c0b-480b-8347-3b0e01884848	GET	/notes	http://localhost:3001
20241112	13:29:46	72d29b7a-9633-49c1-baa0-4d6c9872944c	GET	/notes	http://localhost:3001
20241112	13:30:02	36edbd3c-73ce-4836-aaee-28e0cdf80617	GET	/notes	http://localhost:3001
20241112	13:30:18	fad45ff8-9347-4cf1-8f9f-aa146145e7f6	GET	/notes	http://localhost:3001
20241112	13:30:34	118eeb89-643d-4fb8-97b0-b2265b1d028b	GET	/notes	http://localhost:3001
20241112	13:30:50	9d565694-53a6-426a-8b51-6c00b99546e5	GET	/notes	http://localhost:3001
20241112	13:31:06	9ec0bb2b-c7dc-4d81-bf65-163304825e80	GET	/notes	http://localhost:3001
20241112	13:31:22	2348ff96-2404-429b-8e29-25e47f7765dc	GET	/notes	http://localhost:3001
20241112	13:31:38	d63f0636-dee5-4684-99f4-e83e285d9160	GET	/notes	http://localhost:3001
20241112	13:31:54	43401057-8462-4069-a382-7f86dd1c43b1	GET	/notes	http://localhost:3001
20241112	13:32:10	4364d382-62b9-4e96-b97e-9bd206674b51	GET	/notes	http://localhost:3001
20241112	13:32:26	213cb11c-ed47-4661-93ca-2d6e4b667938	GET	/notes	http://localhost:3001
20241112	13:32:42	7cc052f1-99d2-4256-8156-a49e4c452d70	GET	/notes	http://localhost:3001
20241112	13:32:58	bbc2518a-c0a7-491b-bb40-da5cd68de856	GET	/notes	http://localhost:3001
20241112	13:33:14	c66bd202-f5db-481a-b027-d09d02b7e975	GET	/notes	http://localhost:3001
20241112	13:33:30	fb4604f0-0ec9-4ebf-a904-d6f099274cc8	GET	/notes	http://localhost:3001
20241112	13:33:46	476ac83f-d583-478a-b418-375e91aa7dc7	GET	/notes	http://localhost:3001
20241112	13:34:02	1ff0aa49-2786-4c2d-8671-1b937d1c0809	GET	/notes	http://localhost:3001
20241112	13:34:18	84db100a-4b92-47e9-afd6-58d302534004	GET	/notes	http://localhost:3001
20241112	13:34:34	aace7976-58eb-4d25-8d5f-a85a557a5fdf	GET	/notes	http://localhost:3001
20241112	13:34:50	4656c746-1bb2-4bc7-8605-fc17b71f79df	GET	/notes	http://localhost:3001
20241112	13:35:06	454e4c34-a6e7-4a12-bb0b-4b851806722c	GET	/notes	http://localhost:3001
20241112	13:35:22	294b1ef2-c82b-49dc-8c79-ae747df08495	GET	/notes	http://localhost:3001
20241112	13:35:38	93299a53-77dd-429f-9741-1131fe6fc480	GET	/notes	http://localhost:3001
20241112	13:35:54	b5125c85-d457-465e-bcfe-2737dad683fd	GET	/notes	http://localhost:3001
20241112	13:36:10	f82d5e43-b9d0-46b0-ab17-840d21cfa393	GET	/notes	http://localhost:3001
20241112	13:36:26	7102f3e7-cebd-4185-a3e0-a833c1e2cad9	GET	/notes	http://localhost:3001
20241112	13:36:42	1254c4bf-ee27-418c-b07d-fe4ce3c6af0a	GET	/notes	http://localhost:3001
20241112	13:36:58	4dedad44-6c81-4b22-b5cb-ccd1de1d53df	GET	/notes	http://localhost:3001
20241112	13:37:14	6c8b7274-97ff-4630-97c3-09175329ab40	GET	/notes	http://localhost:3001
20241112	13:37:30	f0bccf70-4d2b-4501-a713-4289125f6802	GET	/notes	http://localhost:3001
20241112	13:37:46	4657763b-9aa6-490b-bcc1-171f37fe4911	GET	/notes	http://localhost:3001
20241112	13:38:02	236e68ac-d62d-4658-b3ed-145d0ec7dc23	GET	/notes	http://localhost:3001
20241112	13:38:18	0623d530-9e47-49d4-8355-835e71a2ecc7	GET	/notes	http://localhost:3001
20241112	13:38:34	b09dc98c-7834-4431-b8da-17ccb483d2a9	GET	/notes	http://localhost:3001
20241112	13:38:50	9b7f95ce-84ac-4055-933a-a1098d12e207	GET	/notes	http://localhost:3001
20241112	13:39:06	323a5e50-63a2-4bd0-86ef-99958aaff247	GET	/notes	http://localhost:3001
20241112	13:39:22	dd610aa7-f7b0-404e-b9fc-58910d77fd4b	GET	/notes	http://localhost:3001
20241112	13:39:38	d9eb0da8-7452-488e-9fbb-5a1e0d23ac73	GET	/notes	http://localhost:3001
20241112	13:39:54	5d16b46f-e7af-4154-a39e-67d7127aba45	GET	/notes	http://localhost:3001
20241112	13:40:10	f9597dc4-377d-4e08-8247-6b674344a8db	GET	/notes	http://localhost:3001
20241112	13:40:26	c07a394d-4b15-4843-9990-66d6de0034d7	GET	/notes	http://localhost:3001
20241112	13:40:42	fc87e864-09fb-4fef-a639-5df541d4d2b2	GET	/notes	http://localhost:3001
20241112	13:40:56	8e6ce0e6-4cee-4edb-bcdd-cbe4b4809108	GET	/notes	http://localhost:3001
20241112	13:47:17	bee2d366-fa6b-4a3d-9d83-0d8ee79c0701	GET	/notes	http://localhost:3001
20241112	13:47:17	cac7e70c-e092-4812-ae2b-3f5931602327	GET	/notes	http://localhost:3001
20241112	13:47:17	b44d6fd5-8c03-4a70-80b5-b3e11661c03a	GET	/notes	http://localhost:3001
20241112	13:47:17	cad8d55b-d62e-4bb3-90eb-3385b0878794	GET	/notes	http://localhost:3001
20241112	13:47:18	ed919934-1936-4631-8dc3-6c02a6a98a70	GET	/notes	http://localhost:3001
20241112	13:47:18	a952866d-baf0-4e95-8971-cbc48794d08f	GET	/notes	http://localhost:3001
20241112	13:47:25	74d87833-1121-4b68-a80c-3b82566aa1d8	GET	/users	http://localhost:3001
20241112	13:47:32	a27bf59c-a302-452a-b910-c57d2d6e5e10	GET	/users	http://localhost:3001
20241112	14:14:05	0e13ed03-19dd-4249-a161-9085156eb696	GET	/notes	http://localhost:3001
20241112	14:14:05	cef192ed-7e5b-46af-9315-9b517f361639	GET	/users	http://localhost:3001
20241112	14:15:15	8cf78397-8b30-4e39-9909-7ea8a38c0070	GET	/notes	http://localhost:3001
20241112	14:15:15	1c13c1fa-fe41-4ac0-afde-0da5f811f8fc	GET	/users	http://localhost:3001
20241112	14:15:27	8def9b45-387a-471c-8e59-a34c8067bf33	OPTIONS	/users	http://localhost:3001
20241112	14:15:27	8c37b4ad-b6cb-41e3-a1d6-11d135652258	PATCH	/users	http://localhost:3001
20241112	14:15:27	958c517a-3d83-405b-83f6-53f55aa5ee81	GET	/users	http://localhost:3001
20241112	14:15:41	cb961e32-d8e6-4217-828f-c30155d71f51	OPTIONS	/users	http://localhost:3001
20241112	14:15:41	bdaf3df2-b4ce-4fbe-aca1-323ca08f361d	PATCH	/users	http://localhost:3001
20241112	14:15:41	89193d7a-7d09-4ddf-a7ac-7eeefe716fc9	GET	/users	http://localhost:3001
20241112	14:17:06	ec00308c-6c51-47f1-9d71-8621fbe366e6	GET	/notes	http://localhost:3001
20241112	14:17:06	cda0bdc7-7948-4a53-9291-a147c4c2ece8	GET	/users	http://localhost:3001
20241112	14:17:32	49ed6274-d1d4-49ac-9619-4e60925a67f6	OPTIONS	/users	http://localhost:3001
20241112	14:17:32	123ab255-7964-464f-b92e-1a781762342e	POST	/users	http://localhost:3001
20241112	14:17:33	58201e8d-0766-40ce-b04d-2921c2caa767	GET	/users	http://localhost:3001
20241112	14:18:01	a452e18a-9917-4a57-a95a-397c4b5ec6ed	OPTIONS	/users	http://localhost:3001
20241112	14:18:01	49ed7921-4e80-4981-a604-5b943d6a9cd0	DELETE	/users	http://localhost:3001
20241112	14:18:01	f5a2e60a-162a-4bc0-b03c-e7f3f8e2ad6b	GET	/users	http://localhost:3001
20241112	15:34:03	7d0e40c7-20d3-459a-a424-f2e2ffca4f79	GET	/notes	http://localhost:3000
20241112	15:34:03	6804ffde-ce11-43aa-b087-5fb72ba2f9f5	GET	/users	http://localhost:3000
20241112	15:34:07	e62dfe3c-4ab3-45fe-b61d-fdf817bd2c51	GET	/notes	http://localhost:3000
20241112	15:51:24	26acda44-eb8c-4667-93c0-10bdf1d6f123	GET	/users	http://localhost:3000
20241112	15:51:24	bb27dd05-290e-4548-ada6-e5804ee49a3f	GET	/notes	http://localhost:3000
20241112	15:51:55	1ebd84d0-cb9c-451e-8d05-055632014d3e	GET	/notes	http://localhost:3000
20241112	15:51:55	c98c2a2a-76f9-49d6-a4d8-aaaeabb51457	GET	/users	http://localhost:3000
20241112	15:52:01	9b7d7ada-ff75-496c-951f-9f317d43622d	GET	/notes	http://localhost:3000
20241112	15:52:14	69528231-ac92-402b-a9b4-75e347c53b23	OPTIONS	/notes	http://localhost:3000
20241112	15:52:14	2dbd2421-a3d7-4006-bb75-99e54dcfd422	PATCH	/notes	http://localhost:3000
20241112	15:52:15	d3c14bd2-4448-47ab-a773-aa2455c7f697	GET	/notes	http://localhost:3000
20241112	15:52:35	e03b5939-00e9-424a-98aa-1148135a89dc	GET	/notes	http://localhost:3000
20241112	15:52:38	b1b8e9c3-f3b2-443d-9e7d-4352bf4047c9	GET	/notes	http://localhost:3000
20241112	15:52:43	62b3f281-52e2-4a06-921e-03a8bfbfb573	OPTIONS	/notes	http://localhost:3000
20241112	15:52:43	439e94a7-bbe4-44ce-aebb-175f671d3494	DELETE	/notes	http://localhost:3000
20241112	15:52:43	230cd08c-f080-4366-a031-bb6e21a80063	GET	/notes	http://localhost:3000
20241112	15:52:55	2882ae1d-9fa5-490b-b9af-e1fcbc6c6a40	GET	/notes	http://localhost:3000
20241112	15:53:09	f58eb8c4-9038-4f3c-8f6f-178a1102e273	OPTIONS	/notes	http://localhost:3000
20241112	15:53:09	b2eaddbc-cef4-479d-9b9a-c084dba745b3	PATCH	/notes	http://localhost:3000
20241112	15:53:09	bba04bc0-606a-4498-bf60-f23d6f4df065	GET	/notes	http://localhost:3000
20241112	15:53:24	a2eb6103-fea1-4233-9fa2-30f17b7d5df9	GET	/notes	http://localhost:3000
20241112	15:53:40	ca1174c5-30b0-487e-81a2-d923c24148fd	GET	/notes	http://localhost:3000
20241112	15:53:56	00f78282-832b-4331-ab9c-682c2d6e5341	GET	/notes	http://localhost:3000
20241112	15:54:12	c0d0efab-adbe-4818-8118-2aed366be54a	GET	/notes	http://localhost:3000
20241112	15:54:28	aec22fed-297e-44ab-91cc-064dcc4df73f	GET	/notes	http://localhost:3000
20241112	15:54:44	c76e7fc8-53f4-42b5-afaf-84ab8cb27997	GET	/notes	http://localhost:3000
20241112	15:55:00	8d42e260-30a6-4c45-b9af-88356c2075cc	GET	/notes	http://localhost:3000
20241112	15:55:16	3a18bcbc-3781-4fce-aded-43ac08c40382	GET	/notes	http://localhost:3000
20241112	15:55:32	bf9acace-7492-4702-9ce6-cad78fd53820	GET	/notes	http://localhost:3000
20241112	15:55:48	11caf7af-31d8-485e-8156-573fe6289fb0	GET	/notes	http://localhost:3000
20241112	15:56:04	16bd0b61-8151-4179-bb7e-8a82b04fd5b9	GET	/notes	http://localhost:3000
20241112	15:56:20	1a2d7fe0-dc66-4d98-bdc3-2292607e2daf	GET	/notes	http://localhost:3000
20241112	15:56:36	b50c9fd4-edfc-4126-aff3-60d0c060be1f	GET	/notes	http://localhost:3000
20241112	15:56:52	638ecdf6-7e25-41b1-8bf0-bcd4396596ae	GET	/notes	http://localhost:3000
20241112	15:57:26	7306ee48-4ddc-4891-bd73-a29319eca418	GET	/notes	http://localhost:3000
20241112	15:57:42	fd1702e8-6dc2-4b26-b861-4c9cf742aa42	GET	/notes	http://localhost:3000
20241112	15:57:58	ee88eed7-f9b0-45eb-89fa-4b16b8ab2f00	GET	/notes	http://localhost:3000
20241112	15:58:14	ffb7b0fc-a013-4665-a4ae-28090a6aba91	GET	/notes	http://localhost:3000
20241112	15:58:30	755fb816-ebab-44f6-861d-7eb770a1502b	GET	/notes	http://localhost:3000
20241112	15:58:46	5dd2fb70-af21-4c53-9d63-86ccb3307451	GET	/notes	http://localhost:3000
20241112	15:59:02	e32cd427-c866-4148-b0e1-00cc8bff45ec	GET	/notes	http://localhost:3000
20241112	15:59:18	44922b96-f964-49e7-a573-9172c00151e0	GET	/notes	http://localhost:3000
20241112	15:59:34	29cb7f1b-2ea5-489e-b49a-9fb3347f7ed4	GET	/notes	http://localhost:3000
20241112	15:59:50	66b243c1-93ab-4a29-b16f-5b3f57eb244c	GET	/notes	http://localhost:3000
20241112	16:00:06	58486f36-7d59-47d8-9b79-7650189aab5c	GET	/notes	http://localhost:3000
20241112	16:00:24	ec4b2479-cb85-471d-9f06-57c28f11fe88	GET	/notes	http://localhost:3000
20241112	16:00:39	6b0cba5b-df0d-46a3-966e-8a46462aa860	GET	/notes	http://localhost:3000
20241112	16:00:55	9600c7dc-f413-49b0-a7aa-44982b3c1b47	GET	/notes	http://localhost:3000
20241112	16:01:11	9818466f-28ea-4912-ab88-192a3e3bfb94	GET	/notes	http://localhost:3000
20241112	16:01:27	f759f75a-af50-4d48-bdf5-a8cade18c4b8	GET	/notes	http://localhost:3000
20241112	16:01:43	ae2f25b0-2359-45ff-8b70-f1cd8fd12830	GET	/notes	http://localhost:3000
20241112	16:01:59	26d52f86-2c17-4592-a3e9-293e3b8a5ba4	GET	/notes	http://localhost:3000
20241112	16:02:15	f48743df-bf5c-4944-9c98-09710ccd0fa1	GET	/notes	http://localhost:3000
20241112	16:02:31	65437cf1-09d6-439a-961d-a662720ea905	GET	/notes	http://localhost:3000
20241112	16:02:47	620f0d1b-5186-4da2-bcae-328e145a8a66	GET	/notes	http://localhost:3000
20241112	16:03:03	b7736f5f-8230-4289-aade-cb9fb7a1cb7a	GET	/notes	http://localhost:3000
20241112	16:03:19	bcb1997b-c8ea-4bfa-87d9-8affe7e216cd	GET	/notes	http://localhost:3000
20241112	16:03:35	8c70dcf6-d384-4bb0-9aa6-586979ca6503	GET	/notes	http://localhost:3000
20241112	16:03:51	d40abdd6-8c25-4eeb-9bfd-26477f83a592	GET	/notes	http://localhost:3000
20241112	16:04:07	6fe3ee31-fff8-447d-966e-f79da3c9381e	GET	/notes	http://localhost:3000
20241112	16:04:23	291e93c3-06c0-4d99-b785-1777e962fc28	GET	/notes	http://localhost:3000
20241112	16:04:39	de333ffd-d6a5-400f-a901-9c3f38556612	GET	/notes	http://localhost:3000
20241112	16:04:57	4c04ffa1-ebec-4f63-836c-d15f244d08bc	GET	/notes	http://localhost:3000
20241112	16:05:12	617f36a6-1ded-4daa-b506-921274156289	GET	/notes	http://localhost:3000
20241112	16:05:28	60366660-da06-4930-9a77-29904d25f9ca	GET	/notes	http://localhost:3000
20241112	16:05:44	7d2ef844-7a9d-4e22-9fc9-6dc1597d9543	GET	/notes	http://localhost:3000
20241112	16:06:00	429cd1c1-ad64-4e99-8857-e977e68388e6	GET	/notes	http://localhost:3000
20241112	16:06:16	334c430a-89aa-441a-ba56-5cfd70454c51	GET	/notes	http://localhost:3000
20241112	16:06:32	c251bd0a-7eef-4edf-8852-8c066a3755f8	GET	/notes	http://localhost:3000
20241112	16:06:48	20f67198-466e-45ff-b887-950c3e8b96e4	GET	/notes	http://localhost:3000
20241112	16:07:04	16122729-9cd9-498a-be30-eda5ab024b97	GET	/notes	http://localhost:3000
20241112	16:07:20	272b7353-fc59-48bf-a065-0391fe2465eb	GET	/notes	http://localhost:3000
20241112	16:07:36	a295b725-30da-4340-96bb-a076ebbf5936	GET	/notes	http://localhost:3000
20241112	16:07:52	0b5f63f6-1653-40ac-a974-d5d9eb5638ae	GET	/notes	http://localhost:3000
20241112	16:08:09	e6fddcef-1aa0-4552-91d4-9cb89bc9f469	GET	/notes	http://localhost:3000
20241112	16:08:25	8d2693c0-e169-4df2-a04a-36731ce6638c	GET	/notes	http://localhost:3000
20241112	16:08:41	eb477b8e-25b0-476f-b8f3-4f79e28c916d	GET	/notes	http://localhost:3000
20241112	16:08:57	23024944-565a-48f1-8ba3-251ebf67de03	GET	/notes	http://localhost:3000
20241112	16:09:13	30e44990-6ee5-4fc5-850a-1c664d7fdb0c	GET	/notes	http://localhost:3000
20241112	16:09:29	7b59013e-cfd4-4e6a-a504-ce0c46f4cd95	GET	/notes	http://localhost:3000
20241112	16:09:45	8aca6f70-bd04-45c0-a226-03b6a87f75b3	GET	/notes	http://localhost:3000
20241112	16:15:25	94b1e6f7-d60b-46e4-9b15-337b0f51a1a8	GET	/notes	http://localhost:3000
20241112	16:15:41	fea88910-73b4-48c1-bbbb-41c6d580c639	GET	/notes	http://localhost:3000
20241112	16:15:57	afb445df-26ab-4259-861d-ec06eaa49343	GET	/notes	http://localhost:3000
20241112	16:16:13	2c629b14-21f3-4486-9ef9-ce61ac11651a	GET	/notes	http://localhost:3000
20241112	16:16:29	64f91e76-987f-4da2-b30d-3aa69cce9775	GET	/notes	http://localhost:3000
20241112	16:16:45	ca548a6b-9cf6-4299-ba8c-b5fc48fda95a	GET	/notes	http://localhost:3000
20241112	16:17:01	ebee902f-6b39-492b-bada-0f024ee6c22c	GET	/notes	http://localhost:3000
20241112	16:17:17	3710edd3-9270-4d2b-b69a-032f3fe91447	GET	/notes	http://localhost:3000
20241112	16:17:33	77f72b02-fd3b-4812-a785-5a74a84b03c0	GET	/notes	http://localhost:3000
20241112	16:17:49	56abadc2-d247-40f1-bde8-1837362c920c	GET	/notes	http://localhost:3000
20241112	16:18:05	e7b03ecf-9833-4086-a6ca-8f81aae48cf4	GET	/notes	http://localhost:3000
20241112	16:18:21	dab57f41-fd33-4664-bb52-1b05890647a0	GET	/notes	http://localhost:3000
20241112	16:18:37	1ba004e7-8116-48a1-a00c-3614a1eeede6	GET	/notes	http://localhost:3000
20241112	16:18:53	a86a6ef2-5ed5-4dc1-843a-fd705cca0715	GET	/notes	http://localhost:3000
20241112	16:19:09	882c5002-919b-4ee9-8430-70f475665f22	GET	/notes	http://localhost:3000
20241112	16:19:25	79ce0403-a3ee-4271-9acc-c7c41ed1c124	GET	/notes	http://localhost:3000
20241112	16:19:41	d34e0595-9281-4175-906d-6f88a4988530	GET	/notes	http://localhost:3000
20241112	16:19:57	8cb15cfe-c247-45f9-bb1c-926c8c50c668	GET	/notes	http://localhost:3000
20241112	16:20:13	ba206751-a5a2-4462-93cf-18f77b9a9165	GET	/notes	http://localhost:3000
20241112	16:20:29	05f907db-db7f-42d8-b746-2aeebda58903	GET	/notes	http://localhost:3000
20241112	16:20:45	d0576dec-c0b7-404e-9264-9b0c98c563a2	GET	/notes	http://localhost:3000
20241112	16:21:01	82403db4-31af-40b5-aaa7-fcbec96b9d59	GET	/notes	http://localhost:3000
20241112	16:21:17	89a64f0e-8b51-47fe-9a05-0fadf22ecfa1	GET	/notes	http://localhost:3000
20241112	16:21:33	faa3af6f-b5b5-4093-81f8-591517b10da4	GET	/notes	http://localhost:3000
20241112	16:21:49	809c5985-4671-4e27-8469-b7973d6c5c26	GET	/notes	http://localhost:3000
20241112	16:22:05	df866098-842b-4309-8a6b-7034829c3e2e	GET	/notes	http://localhost:3000
20241112	16:22:21	581d5b4f-462e-465b-ac3d-b42c11251811	GET	/notes	http://localhost:3000
20241112	16:22:37	2f569cad-e3af-44ee-a601-07ddcd199e28	GET	/notes	http://localhost:3000
20241112	16:22:53	f5da2643-6f9e-4cf7-9eeb-10d8116daa97	GET	/notes	http://localhost:3000
20241112	16:23:09	1dae7173-eb93-4dc6-9855-9060f76b8bb0	GET	/notes	http://localhost:3000
20241112	16:23:25	1ccdd3ea-f7ea-4338-a186-34ae7463cdb5	GET	/notes	http://localhost:3000
20241112	16:23:41	16c69d28-2862-4c8c-8ebd-7f3f1da8c401	GET	/notes	http://localhost:3000
20241112	16:23:57	119b7eed-a7ac-48c3-afe8-3bc75b5dd0cc	GET	/notes	http://localhost:3000
20241112	16:24:13	375e7c97-98fd-4d18-8aaa-affec5517828	GET	/notes	http://localhost:3000
20241112	16:24:31	695b44e4-c7e5-4f7c-aa22-33bfcc3736b5	GET	/notes	http://localhost:3000
20241112	16:24:47	d4562280-377c-4468-85de-f273330b7a14	GET	/notes	http://localhost:3000
20241112	16:25:04	7bf61b37-67fe-46e2-8d30-d3f9c2b68890	GET	/notes	http://localhost:3000
20241112	16:25:19	14fb2765-8080-4661-94a2-ff0c9bb9b44b	GET	/notes	http://localhost:3000
20241112	16:25:35	31831060-9ef6-478e-85f9-dbbc37673d77	GET	/notes	http://localhost:3000
20241112	16:25:51	9cfd880f-cce1-4155-85ba-786faba90435	GET	/notes	http://localhost:3000
20241112	16:26:07	811fb81d-e782-4ec3-b214-7d161e9cae5b	GET	/notes	http://localhost:3000
20241112	16:26:23	c5d44491-3cf1-4946-a904-69f4749d3141	GET	/notes	http://localhost:3000
20241112	16:26:58	34a1ae98-060e-412b-b7a4-69c795ef6a2d	GET	/notes	http://localhost:3000
20241112	16:27:13	93801593-9a98-4bfd-b3f5-6bbb4a1d872e	GET	/notes	http://localhost:3000
20241112	16:27:29	fb64c795-2080-4928-b2ac-06ab1cb87cd1	GET	/notes	http://localhost:3000
20241112	16:27:45	203a99c8-9804-48d7-bb06-0f96ee9c9847	GET	/notes	http://localhost:3000
20241112	16:28:01	b02b29d8-0c7f-4dc4-82e3-08601cce9d45	GET	/notes	http://localhost:3000
20241112	16:28:17	8cf83510-1993-44cc-910a-7819aeb010a5	GET	/notes	http://localhost:3000
20241112	16:28:33	e8dc39e4-41db-489c-a783-636afcc5bfc7	GET	/notes	http://localhost:3000
20241112	16:28:49	c8b23f6b-9da7-4e7b-a6c7-e7e9be6535ff	GET	/notes	http://localhost:3000
20241112	16:29:05	f1169db6-c23e-42f2-81df-aac87f644907	GET	/notes	http://localhost:3000
20241112	16:29:21	02378aaf-a450-4d9e-94f5-88605d69a46d	GET	/notes	http://localhost:3000
20241112	16:29:37	d056aed7-870e-450d-a31d-98f0dc357bd1	GET	/notes	http://localhost:3000
20241112	16:29:52	f4b14881-ca74-4e59-b29b-51209cd48826	POST	/auth	undefined
20241112	16:29:53	558f1ee1-8f86-4eb7-a75b-0653e4fa0549	GET	/notes	http://localhost:3000
20241112	16:30:09	60c15410-b154-47de-8e95-758869b5d802	GET	/notes	http://localhost:3000
20241112	16:30:25	ddbdca7a-a152-4e24-ae04-5041560bd6b3	GET	/notes	http://localhost:3000
20241112	16:30:41	daf1e24e-8cc9-402b-8f8b-f54db827a1b9	GET	/notes	http://localhost:3000
20241112	16:30:57	ec5a33af-1b3c-467e-a52a-d189a3b41b5e	GET	/notes	http://localhost:3000
20241112	16:31:13	6022609d-c93e-4f73-aab3-2772d6d4a183	GET	/notes	http://localhost:3000
20241112	16:31:22	9f49b59d-4ba5-43fe-a816-6e3ef93bcc62	POST	/auth	undefined
20241112	16:31:29	de2de6b0-fefa-4080-8771-0d8e8c8f7646	GET	/notes	http://localhost:3000
20241112	16:31:45	ca30f021-dc91-4580-9c66-d5e56d8626ec	GET	/notes	http://localhost:3000
20241112	16:32:01	37cc7d28-5e00-4ff3-8692-2c9fcfe96177	GET	/notes	http://localhost:3000
20241112	16:32:17	d23993a7-38e7-481b-a79f-71631a8da9c2	GET	/notes	http://localhost:3000
20241112	16:32:33	0343fdbb-3e91-40a9-9caf-65d1ec22f444	GET	/notes	http://localhost:3000
20241112	16:32:49	27a243f5-a10e-4cbf-a4d3-692fda3deb72	GET	/notes	http://localhost:3000
20241112	16:33:03	290647a3-9e46-4bbe-97ae-4a1acaa54401	GET	/auth/refresh	undefined
20241112	16:33:05	641e13c3-0d3f-4bd8-8e1e-362190721a0f	GET	/notes	http://localhost:3000
20241112	16:33:21	1faca035-dbf4-46db-ac0f-79e8fb370792	GET	/notes	http://localhost:3000
20241112	16:33:25	25722b5e-2abc-4366-90b4-10340efa9299	GET	/auth/refresh	undefined
20241112	16:33:29	90e550ce-5dd8-4246-9145-98a953beac01	GET	/auth/refresh	undefined
20241112	16:33:30	d02f0422-2ee5-481d-99f5-2abbe9a05069	GET	/auth/refresh	undefined
20241112	16:33:37	130bf2eb-fd86-4916-9801-67d5f02d22da	GET	/notes	http://localhost:3000
20241112	16:33:53	9d0a055f-a3d9-4a61-adec-1d47fe1ac084	GET	/notes	http://localhost:3000
20241112	16:34:09	64b7bebd-7f44-46f6-9795-bf7042f3f2d4	GET	/notes	http://localhost:3000
20241112	16:34:25	7fc51967-af59-46ac-9cf5-19c0b5533d07	GET	/notes	http://localhost:3000
20241112	16:34:29	8f2a5e99-5cc3-47d7-8f98-5ad3091555a8	POST	/auth/logout	undefined
20241112	16:34:38	9a0ebe6b-6192-4896-b584-298b32a2b59f	POST	/auth	undefined
20241112	16:34:41	37021abf-edeb-4ac6-be07-358a154c768d	GET	/notes	http://localhost:3000
20241112	16:34:46	aa226e2f-7d8a-4220-b27e-95f2c5d51fc0	POST	/auth/refresh	undefined
20241112	16:34:57	d8ef4c9b-ed7f-4eb2-b02a-c6f3e89b26af	GET	/notes	http://localhost:3000
20241112	16:34:59	998e8f5d-1c6d-4305-889d-9abd8b9e79b1	GET	/auth/refresh	undefined
20241112	16:35:13	b1f4dd32-97ff-4933-8bc4-aaef32e726a8	GET	/notes	http://localhost:3000
20241112	16:35:16	13ae93e6-dcc3-42dd-b15c-29b72c1e70eb	GET	/auth	undefined
20241112	16:35:29	b8e67be2-f912-4a03-942b-1840fcfe4748	GET	/notes	http://localhost:3000
20241112	16:35:39	7fbe286d-0264-499b-8a79-fb3240910740	POST	/auth	undefined
20241112	16:35:45	02070282-ae16-4ff4-995e-d710bd2d94c2	GET	/notes	http://localhost:3000
20241112	16:35:52	3adb9a81-6486-4853-9fdd-5a930c048a5c	GET	/auth/refresh	undefined
20241112	16:36:01	3dfbfc7d-5b27-472b-9f7d-4b083c671549	GET	/notes	http://localhost:3000
20241112	16:36:17	74880eef-2a09-40a3-8d1b-6adf0b6d3b04	GET	/notes	http://localhost:3000
20241112	16:36:33	ff7408b7-d81c-4dfa-b2df-11adf35e581d	GET	/notes	http://localhost:3000
20241112	16:36:49	082f3309-cdc1-4b14-8fc7-a53d5808722d	GET	/notes	http://localhost:3000
20241112	16:37:05	f9a9221b-cc40-480a-b621-a01d9880b78e	GET	/notes	http://localhost:3000
20241112	16:37:21	ec7fc105-ba67-4296-aaa5-8e39aa891dff	GET	/notes	http://localhost:3000
20241112	16:37:37	f8ddb3e5-e9dc-4957-bc5b-2783ccdedc87	GET	/notes	http://localhost:3000
20241112	16:37:53	1b66c178-a694-46e3-9252-5a098c6ad884	GET	/notes	http://localhost:3000
20241112	16:38:09	7f172750-649c-4312-be47-4d5821436341	GET	/notes	http://localhost:3000
20241112	16:38:25	342455cb-4ff7-4685-9518-be3b7e89ba87	GET	/notes	http://localhost:3000
20241112	16:38:41	56baba97-364f-4134-b128-e58adde5f80b	GET	/notes	http://localhost:3000
20241112	16:38:57	13b74c63-cb41-41b4-9550-4d4d0aeb89bc	GET	/notes	http://localhost:3000
20241112	16:39:13	53a5d054-330e-4e22-973f-52a0ccc8fe81	GET	/notes	http://localhost:3000
20241112	16:39:29	9f9d13cc-44e7-4643-956f-5eda0e05c8a6	GET	/notes	http://localhost:3000
20241112	16:39:45	2336fe8e-ee4b-4ad7-8854-1a14be724955	GET	/notes	http://localhost:3000
20241112	16:40:01	f22889c5-4578-4a8b-8c16-8127c0f8ea3a	GET	/notes	http://localhost:3000
20241112	16:40:17	1501800e-6a8e-45e4-a0b6-b873f8b44dcb	GET	/notes	http://localhost:3000
20241112	16:40:33	ab133851-4782-4117-9dfd-41252dfce52d	GET	/notes	http://localhost:3000
20241112	16:40:49	1c8fe01b-422b-4336-a34a-3f73e205eb62	GET	/notes	http://localhost:3000
20241112	16:41:02	d5063258-c3b9-48fb-bbc2-707b4e535987	GET	/auth/refresh	undefined
20241112	16:41:05	23405e96-609a-45d3-9fc1-27a8b9683233	GET	/notes	http://localhost:3000
20241112	16:41:21	088aa227-b9b8-494e-b99e-18e3d266475f	GET	/notes	http://localhost:3000
20241112	16:41:37	d31fde88-a811-42d2-9b82-78618c1be038	GET	/notes	http://localhost:3000
20241112	16:41:53	4680a35c-0849-4991-ab86-9f82c62ae56a	GET	/notes	http://localhost:3000
20241112	16:42:09	5ea9be29-3d26-48e5-ad4d-9eac7cd93f4c	GET	/notes	http://localhost:3000
20241112	16:42:25	3dfe6d88-8e15-4959-89d0-bd88b485e494	GET	/notes	http://localhost:3000
20241112	16:42:41	3e0454a2-7d3e-4b57-b705-fac28978d23a	GET	/notes	http://localhost:3000
20241112	16:42:57	a6bd59ee-df54-45f0-b857-d81e3256f3f5	GET	/notes	http://localhost:3000
20241112	16:43:06	e83f2b8f-3782-48b8-8276-7de2fe0034ec	GET	/auth/refresh	undefined
20241112	16:43:13	e7c1b787-364f-40f2-b4d1-486a1a327ba8	GET	/notes	http://localhost:3000
20241112	16:43:14	7ff455ea-83ee-40e4-b7a6-93cd19fb3be5	POST	/auth	undefined
20241112	16:43:26	88f05315-88e2-42f7-a8c4-6f02975eea4f	GET	/auth/refresh	undefined
20241112	16:43:29	2012e8b2-c31e-437b-8194-a29f1b754043	GET	/notes	http://localhost:3000
20241112	16:43:45	d739d38f-e506-46bc-af3e-65dc13884aa9	GET	/notes	http://localhost:3000
20241112	16:44:01	fa0e4184-7be4-4f98-a779-8331d5fac64e	GET	/notes	http://localhost:3000
20241112	16:44:17	9ff6dffd-9aa5-4d18-936c-b1c02162fd1c	GET	/notes	http://localhost:3000
20241112	16:44:33	231fa687-b66f-423f-8088-18072c898559	GET	/notes	http://localhost:3000
20241112	16:44:49	1f3ca589-45a3-4219-9e85-96c2b33c64d9	GET	/notes	http://localhost:3000
20241112	16:45:05	e55a8374-5c46-4972-9bf5-6f54f5abf062	GET	/notes	http://localhost:3000
20241112	16:45:21	5f6f2ca0-d2b2-48e9-a535-dcf0e4c3ec4b	GET	/notes	http://localhost:3000
20241112	16:45:37	b5e22087-e2aa-41ae-8ef8-4cc6d7e30d87	GET	/notes	http://localhost:3000
20241112	16:45:53	cc21abd6-3507-4b50-97fd-24d282a808ac	GET	/notes	http://localhost:3000
20241112	16:46:09	520ab3c9-bd13-459a-9a34-8f42d2d3c8ab	GET	/notes	http://localhost:3000
20241112	16:46:43	d37e6aa5-4d69-4bee-97e7-f3827c1e0f96	GET	/notes	http://localhost:3000
20241112	16:46:51	b491adb4-b818-4607-8761-58872fa824b3	GET	/auth/refresh	undefined
20241112	16:46:59	1e307a29-5961-4a2d-a2f6-4fb81b0645f0	GET	/notes	http://localhost:3000
20241112	16:47:12	4009d5b3-0620-4f88-84b4-0017512bac0c	POST	/auth	undefined
20241112	16:47:15	ff286037-9085-4091-b23b-3c19efedb252	GET	/notes	http://localhost:3000
20241112	16:47:28	b6bf36f4-8eef-4ffb-9b6f-5d17ff4f5ba0	GET	/auth/refresh	undefined
20241112	16:47:31	aa42dc39-cc52-4dbe-81d9-1b87d699a16e	GET	/notes	http://localhost:3000
20241112	16:47:47	d7aad265-6dbd-4c64-ba90-003c93f5f591	GET	/notes	http://localhost:3000
20241112	16:48:03	1d912b69-6de3-4244-8d3d-8c72d7eca286	GET	/notes	http://localhost:3000
20241112	16:48:19	16a1c0c6-cacf-4925-8f81-cbd6b043fd24	GET	/notes	http://localhost:3000
20241112	16:48:35	d691f0c2-e355-4ca1-b084-bc091d375660	GET	/notes	http://localhost:3000
20241112	16:48:51	5a83bc9a-da32-43b4-92b5-5d4dcccfb079	GET	/notes	http://localhost:3000
20241112	16:49:07	23ea58a4-d1c8-4f36-a6da-ae345693fd02	GET	/notes	http://localhost:3000
20241112	16:49:23	5deed223-9599-4af9-a05c-bbb0266f5950	GET	/notes	http://localhost:3000
20241112	16:49:39	50b65b77-1f4e-4462-b9c0-564dc1402879	GET	/notes	http://localhost:3000
20241112	16:49:55	fcfc14fa-df5d-4ce8-a05b-527032021b93	GET	/notes	http://localhost:3000
20241112	16:50:47	d5b25e22-c0d3-479b-a1bc-d23f43cf5de2	GET	/notes	http://localhost:3000
20241112	16:50:51	090ddab0-ce64-4db6-9455-7f94a6f8e67c	POST	/auth	undefined
20241112	16:51:03	a94cda41-6754-4815-a038-c88e361304b8	GET	/notes	http://localhost:3000
20241112	16:51:05	67eeed81-d2f2-4613-927f-110c92379738	GET	/auth/refresh	undefined
20241112	16:51:19	adb9426c-d413-48e2-a6a5-416db7a866d6	GET	/notes	http://localhost:3000
20241112	16:51:35	4aae13b0-5715-4682-9560-13d3fb5c5367	GET	/notes	http://localhost:3000
20241112	16:51:51	3faae98e-922d-4e37-a34d-a6b4196d15af	GET	/notes	http://localhost:3000
20241112	16:52:07	4d4520dc-b8c2-4e10-b512-02578827c57a	GET	/notes	http://localhost:3000
20241112	16:52:23	8a9d2961-7d10-4c48-88d1-7c557a65ce8a	GET	/notes	http://localhost:3000
20241112	16:52:39	ee52b9a4-8701-4412-8714-795b526c4340	GET	/notes	http://localhost:3000
20241112	16:52:55	42dbcf9f-4302-44d4-9db4-0589b625899b	GET	/notes	http://localhost:3000
20241112	16:53:11	65aa4169-d54e-4848-8674-7164e5bea2c9	GET	/notes	http://localhost:3000
20241112	16:53:27	11d4181a-3e80-406f-b722-f9168cbaa461	GET	/notes	http://localhost:3000
20241112	16:53:43	e95ebc83-63d6-48e2-a817-1900673f9b8a	GET	/notes	http://localhost:3000
20241112	16:53:50	65b9b844-8a23-48f5-bc99-b084d0622696	GET	/auth/refresh	undefined
20241112	16:53:59	506b4ce2-d306-4c95-9fb0-73670fa3ed06	GET	/notes	http://localhost:3000
20241112	16:54:15	a82e8fa6-0ca3-4579-b5dc-4abbd9f5580d	GET	/notes	http://localhost:3000
20241112	16:54:31	20c55626-dc76-47b0-b403-be164b52e707	GET	/notes	http://localhost:3000
20241112	16:54:47	8507fc26-442a-47f8-b9bc-bfc8935d4b6f	GET	/notes	http://localhost:3000
20241112	16:55:03	029ebe41-df52-4fb4-b03b-fdfddf013f9c	GET	/notes	http://localhost:3000
20241112	16:55:19	f1718a58-045e-41f0-ba89-67d164f3e68b	GET	/notes	http://localhost:3000
20241112	16:55:35	1f5272a8-0786-44fb-8316-a507c9344cc0	GET	/notes	http://localhost:3000
20241112	16:55:51	1015c499-7948-4115-b811-a2059ff12e37	GET	/notes	http://localhost:3000
20241112	16:56:07	723ca66f-bce7-4041-9fa9-83ace87b622b	GET	/notes	http://localhost:3000
20241112	16:56:23	456b03eb-1690-428d-a8a8-300f95d04169	GET	/notes	http://localhost:3000
20241112	16:56:39	83dcf1ee-d9e2-463c-b1db-1ece5fc6498f	GET	/notes	http://localhost:3000
20241112	16:56:55	f6a74099-0863-42b5-8b9c-2602530b71f7	GET	/notes	http://localhost:3000
20241112	16:57:11	68ec2bce-b00f-4f9b-825d-be55463b69eb	GET	/notes	http://localhost:3000
20241112	16:57:27	f66dff7e-316d-4fce-96ba-2248a11c954e	GET	/notes	http://localhost:3000
20241112	16:57:43	c6d79e82-cd50-47ff-b67e-d735ef657898	GET	/notes	http://localhost:3000
20241112	16:57:59	a5c0713f-03bb-4b0a-bea0-09196d4a86a2	GET	/notes	http://localhost:3000
20241112	16:58:15	9269c0d7-3004-402c-8909-c191e27f89e1	GET	/notes	http://localhost:3000
20241112	16:58:31	23fe9c9b-6ed1-4ae5-a7d8-62755a9f68f1	GET	/notes	http://localhost:3000
20241112	16:58:47	0c35b7c0-cf4b-4ea1-a078-724130768e69	GET	/notes	http://localhost:3000
20241112	16:59:03	884f03f3-9452-4117-a218-639f38f79821	GET	/notes	http://localhost:3000
20241112	16:59:19	90d2335f-70ef-4518-b814-77dedc421737	GET	/notes	http://localhost:3000
20241112	16:59:35	852dbd5d-92a6-4cb9-9549-75873b9a9180	GET	/notes	http://localhost:3000
20241112	16:59:51	ff7aef2b-9b53-4fb7-9ee7-82b870dc17f4	GET	/notes	http://localhost:3000
20241112	17:00:07	e55cbc23-8357-496f-865e-249aa6c65124	GET	/notes	http://localhost:3000
20241112	17:00:23	bc737284-c243-4ccb-97b6-56c2925e07bf	GET	/notes	http://localhost:3000
20241112	17:00:39	5156d58c-837e-49bf-9016-a5f3b10b74b6	GET	/notes	http://localhost:3000
20241112	17:00:55	1bc9f3d5-6cee-488c-9ba6-de47d67dd64f	GET	/notes	http://localhost:3000
20241112	17:01:11	08b72900-7aff-4ba8-90e6-958f51d04217	GET	/notes	http://localhost:3000
20241112	17:01:27	300a33c8-79cc-425f-af29-5c9583f9411b	GET	/notes	http://localhost:3000
20241112	17:01:43	41bcc747-35ad-45be-a02e-dd0436cf91b3	GET	/notes	http://localhost:3000
20241112	17:01:59	c79ead53-6fb4-4ea3-8b0a-f4e9c13363c0	GET	/notes	http://localhost:3000
20241112	17:02:15	dabe4001-7a6e-4669-b92f-1d0c4a205dcb	GET	/notes	http://localhost:3000
20241112	17:02:31	c5d3bb3c-8471-4b61-8c35-bebd888e9099	GET	/notes	http://localhost:3000
20241112	17:02:47	06aed94d-cf35-4713-a497-b93ae046688f	GET	/notes	http://localhost:3000
20241112	17:03:03	2f97dded-fb48-47f8-a911-1bfcc7a9f15b	GET	/notes	http://localhost:3000
20241112	17:03:19	908057ea-8ffa-4dce-9a07-b3247dddf795	GET	/notes	http://localhost:3000
20241112	17:03:27	f0843ec6-12bd-44ca-9a00-3a4b3b382ec0	GET	/notes	http://localhost:3000
20241112	17:03:27	65e689fe-e68d-48c0-aba8-765fad88ec01	GET	/users	http://localhost:3000
20241112	17:17:38	3494792d-be4d-4099-a5cc-574e0722a371	GET	/notes	http://localhost:3000
20241112	17:17:49	83ac3d28-5795-4a81-9151-f9ceaf489aaa	GET	/notes	http://localhost:3000
20241112	17:17:49	4dc55931-8f36-4555-8c05-768e3a047ea6	GET	/notes	http://localhost:3000
20241112	17:18:05	0f15fff4-0b50-4e80-a1e8-b30798ba8295	GET	/notes	http://localhost:3000
20241112	17:18:07	6570161e-72b8-46d8-8b98-bfdb8f1032a2	GET	/notes	http://localhost:3000
20241112	17:18:07	d90e44c5-03ca-4b57-af2f-fbbe817997a9	GET	/notes	http://localhost:3000
20241112	17:18:23	250caf9b-57d8-4e1c-91ed-2f3e47d4601a	GET	/notes	http://localhost:3000
20241112	17:18:39	21ec3dea-5f30-4e02-93e8-656b0176728c	GET	/notes	http://localhost:3000
20241112	17:18:41	ec28d999-21d9-49aa-8fc9-74d4ccd72891	GET	/notes	http://localhost:3000
20241112	17:20:09	c01201f1-d230-4838-88ab-3afa171dbf85	GET	/notes	http://localhost:3000
20241112	17:20:09	ae1c77ec-df2d-4944-bd2d-b648cc058d22	GET	/users	http://localhost:3000
20241112	17:20:11	714a4676-27fe-4f56-ba39-39aa662cf801	GET	/notes	http://localhost:3000
20241112	17:20:13	d8ebfac0-7144-471f-b4df-1771715ee358	GET	/notes	http://localhost:3000
20241112	17:20:13	0279e425-b08b-4f63-9ef2-69b066158770	GET	/users	http://localhost:3000
20241112	17:20:16	545da5eb-e847-4026-8e85-39975483e017	POST	/auth/logout	http://localhost:3000
20241112	17:20:16	ab2708a4-719c-495d-b1b1-f8ae27b836f5	GET	/notes	http://localhost:3000
20241112	17:20:17	3abd8953-70e9-46c7-9aac-ba4e532ce00c	POST	/auth/logout	http://localhost:3000
20241112	17:20:17	d9b3f0b5-4812-42ec-abdc-442ab99b3347	GET	/notes	http://localhost:3000
20241112	17:20:25	6c4157f8-c325-4489-b244-1faf38eaf63f	GET	/notes	http://localhost:3000
20241112	17:20:32	65629d4f-6d9f-4d9b-a9f0-ebf24017e050	GET	/notes	http://localhost:3000
20241112	17:20:42	8399cec4-09b8-4428-b41a-0e33a67e4361	OPTIONS	/auth	http://localhost:3000
20241112	17:20:42	3927705a-dc77-47dd-a482-421a79733c2f	POST	/auth	http://localhost:3000
20241112	17:20:43	98d86201-1092-4879-ad21-3533c9660e6a	GET	/notes	http://localhost:3000
20241112	17:20:43	e6368b4d-b0f4-4f88-9d14-2eac3d80e531	GET	/users	http://localhost:3000
20241112	17:21:24	2b4eabdf-be17-4b14-b2ec-95ceafc085a6	GET	/notes	http://localhost:3000
20241112	17:21:32	f908c22c-4c55-4984-8f1a-d0d4fae705ae	GET	/users	http://localhost:3000
20241112	17:23:21	b6609e04-8506-4b70-91bf-b79d3c917422	GET	/users	http://localhost:3000
20241112	17:27:25	9fe6bd19-999e-41f0-b033-c644d57b8259	POST	/auth/logout	http://localhost:3000
20241112	17:27:34	bfdcdc4b-65a9-4b39-9abe-6722ccdca6bb	POST	/auth/logout	http://localhost:3000
20241112	17:27:51	097a7d26-2356-492a-a2e2-f66c7b524c26	GET	/users	http://localhost:3000
20241112	17:27:51	deae338d-55cd-4bb0-a598-c6343124c2de	GET	/notes	http://localhost:3000
20241112	17:27:58	443980f0-ffe9-433f-8e30-a2996b83891b	GET	/users	http://localhost:3000
20241112	17:27:59	9ccb4655-2c61-41fc-b146-625af8e25262	GET	/notes	http://localhost:3000
20241112	17:27:59	a80cedcb-ca01-4be1-b0d4-04df3779c002	GET	/users	http://localhost:3000
20241112	17:34:48	6a0a5ca1-ad61-4ffb-b199-fa6dd4a6b5d8	GET	/notes	http://localhost:3000
20241112	17:34:48	9e3d1afa-8cd4-462c-b613-cc72cbd318e7	GET	/users	http://localhost:3000
20241112	17:36:05	bcdd823e-8177-4d0c-9830-8e6a3b97dddc	GET	/notes	http://localhost:3000
20241112	17:36:05	9b035f4d-8e69-484e-a99a-8e7c4cb78f14	GET	/users	http://localhost:3000
20241112	17:36:07	fd473147-e6e0-4568-8aeb-4095f31ad05c	POST	/auth/logout	http://localhost:3000
20241112	17:36:10	f1b11618-a4f5-4c01-998f-c0609770af39	POST	/auth/logout	http://localhost:3000
20241112	17:36:48	417a7764-3725-418f-8e68-2162c9e65efa	OPTIONS	/auth	http://localhost:3000
20241112	17:36:48	1e588242-19d5-4cb2-be7e-cb74d987307b	POST	/auth	http://localhost:3000
20241112	17:36:49	6329f35e-b421-4d1b-ba12-2ceafe62f559	OPTIONS	/notes	http://localhost:3000
20241112	17:36:49	a3769b5f-8571-4e95-a119-56a861e131b1	OPTIONS	/users	http://localhost:3000
20241112	17:36:49	49fdc21a-4bad-4280-8b1c-d63d35f5892b	GET	/notes	http://localhost:3000
20241112	17:36:49	dfd58d52-805c-44cc-9e77-4781badbd5c7	GET	/users	http://localhost:3000
20241112	17:36:56	2ec586aa-394b-414a-a11f-861afd74574c	OPTIONS	/notes	http://localhost:3000
20241112	17:36:56	2f41c7d4-1626-4d36-b26b-8098d42a3620	GET	/notes	http://localhost:3000
20241112	17:37:03	5494f879-78f6-4be1-a213-2b9ca4108a3d	OPTIONS	/notes	http://localhost:3000
20241112	17:37:03	4abb7aff-4c41-472d-984c-41561ff89318	GET	/notes	http://localhost:3000
20241112	17:58:40	254d8fd2-a95a-42c4-b384-fd1ea8b96562	GET	/notes	http://localhost:3000
20241112	17:58:40	7a24c3c1-c117-43d7-b222-ec1aa88d15bb	GET	/users	http://localhost:3000
20241112	17:59:27	71ee6e78-c932-48b4-967a-0b2eae0c4071	GET	/notes	http://localhost:3000
20241112	17:59:55	b5d09d07-2005-4b19-8dce-f5d581feb59a	OPTIONS	/auth	http://localhost:3000
20241112	17:59:55	6cb9e6e2-d040-44a0-ad1f-381943d044cd	POST	/auth	http://localhost:3000
20241112	17:59:55	56e8cc24-357c-4831-91b2-f6864f7828bb	OPTIONS	/notes	http://localhost:3000
20241112	17:59:55	d9038600-d038-43d1-9879-5d29a9a51359	OPTIONS	/users	http://localhost:3000
20241112	17:59:55	19aba1b8-6ed7-4def-9b53-8c516b991649	GET	/notes	http://localhost:3000
20241112	17:59:55	dc979337-f979-4d70-932e-88b57d344b8f	GET	/users	http://localhost:3000
20241112	18:00:00	1d4440a9-12b5-4fbd-a385-ec7ef833b0e9	GET	/notes	http://localhost:3000
20241112	18:00:14	ef8328af-2563-44a8-a245-4dc3b0a3add8	OPTIONS	/notes	http://localhost:3000
20241112	18:00:14	37f9f260-3146-407a-9d96-4845420dfda1	GET	/notes	http://localhost:3000
20241112	18:00:25	cc10c6fb-ebf8-4513-9773-f6652735c511	OPTIONS	/auth/logout	http://localhost:3000
20241112	18:00:25	84903f17-7375-430d-9249-2f73cafbf5d8	POST	/auth/logout	http://localhost:3000
20241112	18:12:14	d7e650e4-8b0f-48d0-b726-260a4e53f442	OPTIONS	/auth	http://localhost:3000
20241112	18:12:14	2133f09b-7cb4-404c-b433-2f23fe756e9f	POST	/auth	http://localhost:3000
20241112	18:12:14	e992d0cc-55ba-4bc6-b340-fdff114b1422	OPTIONS	/notes	http://localhost:3000
20241112	18:12:14	0079810a-f8b2-42d6-8e16-07063f4517cf	OPTIONS	/users	http://localhost:3000
20241112	18:12:14	8e3b5ddc-bc32-454a-af65-12195999fea3	GET	/users	http://localhost:3000
20241112	18:12:14	77c9532e-8e64-4286-8e02-6e94895e5ebd	GET	/notes	http://localhost:3000
20241112	18:13:36	e673847f-cc8a-4a2d-9689-b61d657c90e9	GET	/notes	http://localhost:3000
20241112	18:13:36	ab2709ee-5fe6-4aa6-a8a4-d70b23cb3e95	GET	/users	http://localhost:3000
20241113	09:54:59	9c7defef-7133-4287-9819-9043a18de8c8	GET	/notes	http://localhost:3000
20241113	09:54:59	96fe85f2-a7cf-411f-aae6-b6d8e9d96388	GET	/users	http://localhost:3000
20241113	10:30:29	4f9660da-702c-42c1-b76b-d50747715bc0	GET	/notes	http://localhost:3000
20241113	10:30:29	07f3f91d-bf0f-4974-b4ef-a55642b356b8	GET	/users	http://localhost:3000
20241113	10:30:37	0258a9bd-af14-4b23-a54c-d515a0f00c87	GET	/notes	http://localhost:3000
20241113	10:30:37	70070b71-fb7c-4fe8-b8d1-90d9f20c3ba0	GET	/users	http://localhost:3000
20241113	10:35:11	d5c81669-2c17-4aba-9e6a-c4b309599dfe	GET	/notes	http://localhost:3000
20241113	10:35:11	94afcca1-8aae-445a-9c14-91f66e731439	GET	/users	http://localhost:3000
20241113	10:37:47	f131b0e9-51bb-43ea-963b-049d2549b089	GET	/notes	http://localhost:3000
20241113	10:37:47	fba112e6-3a2d-43e6-b160-655e1f1d9119	GET	/users	http://localhost:3000
20241113	10:38:15	386082be-d440-484f-8e10-08da3e4936ea	OPTIONS	/auth	http://localhost:3000
20241113	10:38:15	c00798e9-e137-40bf-b92f-0699f2652741	POST	/auth	http://localhost:3000
20241113	10:38:15	5642c06f-e2ee-4aab-929d-2b0f7ae0bb6f	OPTIONS	/notes	http://localhost:3000
20241113	10:38:15	e7165e93-3d4b-4356-91c2-4cd4a9ae450c	GET	/notes	http://localhost:3000
20241113	10:38:15	9512e893-2a75-4a0c-8460-d93c28043007	OPTIONS	/users	http://localhost:3000
20241113	10:38:16	5445e289-23f3-4387-8605-d7e3a3249196	GET	/users	http://localhost:3000
20241113	10:45:50	94b86ffb-7baa-40bb-9469-9a1b98f8bf08	GET	/notes	http://localhost:3000
20241113	10:45:50	789fabca-e992-4859-98e7-1d142b1f4af3	GET	/users	http://localhost:3000
20241113	10:45:53	d7e9b254-d66c-43e5-8814-10444f9811f5	POST	/auth/logout	http://localhost:3000
20241113	10:46:09	49f4f5fe-90e7-496a-adfd-e78ed3a1250a	OPTIONS	/auth	http://localhost:3000
20241113	10:46:09	eb6b01ad-f34e-4e3d-a5a5-54342caa6950	POST	/auth	http://localhost:3000
20241113	10:46:09	4bb6c8b1-d13c-44b0-a4c3-495488ca17be	OPTIONS	/notes	http://localhost:3000
20241113	10:46:09	e314ea05-e4d6-4116-8ad0-6928772b56fe	OPTIONS	/users	http://localhost:3000
20241113	10:46:09	59b2274e-e5f9-4538-8329-fbd77c7bd8f5	GET	/notes	http://localhost:3000
20241113	10:46:09	ccd3bef8-3ced-4baa-989c-73c037a3c584	GET	/users	http://localhost:3000
20241113	10:46:17	8366c8a7-d4ec-4dea-b9bc-1e7495f04efa	OPTIONS	/auth/logout	http://localhost:3000
20241113	10:46:17	eb2de675-35ae-4396-9163-a85ed198cb04	POST	/auth/logout	http://localhost:3000
20241113	10:46:22	c4e1f2fb-4225-4345-abb9-281594c87878	GET	/auth/refresh	http://localhost:3000
20241113	10:46:35	6952e81c-3358-40ad-99f4-54d4090e94cc	OPTIONS	/auth	http://localhost:3000
20241113	10:46:35	3f40db9a-ef03-474c-ac17-fb19291f1b95	POST	/auth	http://localhost:3000
20241113	10:46:53	13fecd20-79ab-4a33-9b1c-357b81b7307a	OPTIONS	/auth	http://localhost:3000
20241113	10:46:53	72669ea0-99f8-45dc-b527-ab2a93dae26d	POST	/auth	http://localhost:3000
20241113	10:46:54	d0d0f91a-b239-4206-92a5-09046f7166e7	OPTIONS	/notes	http://localhost:3000
20241113	10:46:54	7996e509-3801-43a8-8f98-38d6a662f1a6	OPTIONS	/users	http://localhost:3000
20241113	10:46:54	e331c21f-a094-49da-bd5f-586ae63bbb5d	GET	/notes	http://localhost:3000
20241113	10:46:54	b7563ea5-c5ae-4e3f-9869-ac8598bc6411	GET	/users	http://localhost:3000
20241113	10:46:58	d7e7469b-d7d1-4f62-9987-4572f60c64ca	GET	/users	http://localhost:3000
20241113	10:47:13	ec2f60e4-8555-4c8f-89e4-4e396e38cbbe	OPTIONS	/notes	http://localhost:3000
20241113	10:47:13	0311fb0a-2552-4a4a-b2bb-7c03633a26f5	GET	/notes	http://localhost:3000
20241113	10:47:19	e2a8e6b0-d878-4526-95f5-fb8901bee804	OPTIONS	/users	http://localhost:3000
20241113	10:47:19	ee74055c-0648-4a17-a494-7a903b053dc2	GET	/users	http://localhost:3000
20241113	10:47:40	81fa8a25-8155-4610-8659-9b3f1a067664	OPTIONS	/users	http://localhost:3000
20241113	10:47:40	d4f19ab9-5055-44c9-9dc5-36e1fb134714	GET	/users	http://localhost:3000
20241113	10:48:01	763e5c5a-866e-43b4-b8fe-7069f48c7327	OPTIONS	/users	http://localhost:3000
20241113	10:48:01	f7b5d646-14c4-4707-8cc1-26e059e2e335	POST	/users	http://localhost:3000
20241113	10:48:01	4832e9ec-20d1-4d12-9cec-1e01a278676c	GET	/users	http://localhost:3000
20241113	10:48:01	eccd624b-5c62-43e9-9d3b-d7a80d8bcaac	GET	/users	http://localhost:3000
20241113	10:48:04	272de3a7-b143-47fd-a26f-706f69a4ad01	GET	/users	http://localhost:3000
20241113	10:48:07	1e76fcd3-5c9a-442c-85ac-c46e3148c25d	OPTIONS	/auth/logout	http://localhost:3000
20241113	10:48:07	676f834f-c7e7-4653-aff6-9f75953b3678	POST	/auth/logout	http://localhost:3000
20241113	10:48:10	bb6cbee0-1510-42f9-a761-de6c88410a25	GET	/auth/refresh	http://localhost:3000
20241113	10:48:29	ae2ab717-f553-42ad-8864-d360a579fcd1	OPTIONS	/auth	http://localhost:3000
20241113	10:48:29	e88cbfea-1840-4e48-b52a-a04c75622085	POST	/auth	http://localhost:3000
20241113	10:48:29	042144ca-77bd-4f67-b90d-85539a05dbe7	OPTIONS	/notes	http://localhost:3000
20241113	10:48:29	b46e76f5-8a30-4fe3-93ce-be2837fc07f0	OPTIONS	/users	http://localhost:3000
20241113	10:48:29	79b3a6c9-13e3-41d2-8930-d2faed4e1d6f	GET	/notes	http://localhost:3000
20241113	10:48:29	3639e567-353c-4684-99ae-52481b909ff4	GET	/users	http://localhost:3000
20241113	11:03:33	361f3832-7e99-4f7c-8559-d56061618ccd	GET	/auth/refresh	http://localhost:3000
20241113	11:03:34	2565c954-d71f-417b-8ce0-4ab91e8ea1f5	OPTIONS	/notes	http://localhost:3000
20241113	11:03:34	149c31f1-45e0-4333-aa84-936926da1ae0	OPTIONS	/users	http://localhost:3000
20241113	11:03:34	3c7c1df7-d4c7-4490-b425-bd9f9135c118	GET	/notes	http://localhost:3000
20241113	11:03:34	659fb7f1-ba38-4066-9390-04829368d661	GET	/users	http://localhost:3000
20241113	11:03:38	b32b02ec-0a86-4b54-9766-4083588aaa6e	GET	/notes	http://localhost:3000
20241113	11:03:43	4740eb1c-9b4b-4e39-bc63-8ea97e409f7f	OPTIONS	/notes	http://localhost:3000
20241113	11:03:43	91468a3e-c35e-47bc-a382-0e0a78ebbdd2	GET	/notes	http://localhost:3000
20241113	11:03:59	ef19c856-09f2-4f6d-ab3a-edce9979a90c	OPTIONS	/notes	http://localhost:3000
20241113	11:03:59	fcc9bb96-499f-4881-8c6a-cc794f427d42	GET	/notes	http://localhost:3000
20241113	11:04:15	2458339c-d51a-4ba7-a9f5-d8b237a64a10	OPTIONS	/notes	http://localhost:3000
20241113	11:04:15	1fba0f07-ac97-42ca-b98a-5e0a11f67f2e	GET	/notes	http://localhost:3000
20241113	11:04:31	dc5b6e69-c0eb-4c9f-9883-327c00bb4d0b	OPTIONS	/notes	http://localhost:3000
20241113	11:04:31	9da4664d-8c5d-4475-8c08-611430e216bf	GET	/notes	http://localhost:3000
20241113	11:04:47	e45058a9-d12f-4e34-8f4c-4554334f9f26	OPTIONS	/notes	http://localhost:3000
20241113	11:04:47	c65ce002-f943-4981-a1e3-65b312389c1f	GET	/notes	http://localhost:3000
20241113	11:05:03	9f8f8e88-afc4-4ff4-8edd-642d0fdb0c08	OPTIONS	/notes	http://localhost:3000
20241113	11:05:03	7445e2f7-453c-4139-b6e0-6ae44e141a1f	GET	/notes	http://localhost:3000
20241113	11:05:19	97caaa3f-f687-4243-a765-f1f9751fac0c	OPTIONS	/notes	http://localhost:3000
20241113	11:05:19	6d5dcf6b-dba7-4714-9f0d-b0e026c20340	GET	/notes	http://localhost:3000
20241113	11:05:35	5d4e88ee-c62c-4071-bd4d-e7996eb66b75	OPTIONS	/notes	http://localhost:3000
20241113	11:05:35	a8c713a5-f194-4921-9ec7-19f30a638370	GET	/notes	http://localhost:3000
20241113	11:05:51	4db4f174-5917-45c2-8bf2-88238d1da731	OPTIONS	/notes	http://localhost:3000
20241113	11:05:51	b53af7aa-c75e-45a0-81c5-31dc2205da5a	GET	/notes	http://localhost:3000
20241113	11:06:07	56e921c4-900f-44cd-9475-0c4ed6405214	OPTIONS	/notes	http://localhost:3000
20241113	11:06:07	8fd2875f-231e-4d70-8a89-2683be2ffde9	GET	/notes	http://localhost:3000
20241113	11:06:23	7b7dd103-e5db-4660-884f-fd72f03fd731	OPTIONS	/notes	http://localhost:3000
20241113	11:06:23	9d59f8fa-2437-416b-bfab-7a5f2c3471bc	GET	/notes	http://localhost:3000
20241113	11:06:39	896208ea-bd6a-4ecc-ad3f-73c1cb7b3cb2	OPTIONS	/notes	http://localhost:3000
20241113	11:06:39	16fdc1cd-ecc2-44e1-be66-092fed654795	GET	/notes	http://localhost:3000
20241113	11:06:55	23d33d82-0786-4489-8b79-f6f01e716589	OPTIONS	/notes	http://localhost:3000
20241113	11:06:55	a82e3473-7c31-4e49-85d4-93ee1ab93580	GET	/notes	http://localhost:3000
20241113	11:07:11	c8e174a5-8175-4dbc-aecf-1435937e6dd1	OPTIONS	/notes	http://localhost:3000
20241113	11:07:11	c1fecea4-0615-447b-a02a-e1176e59faa8	GET	/notes	http://localhost:3000
20241113	11:07:27	e8869b77-acbd-4908-bc62-c7632b0556be	OPTIONS	/notes	http://localhost:3000
20241113	11:07:27	d686a701-2b18-4e3a-a8ec-463f51804e6a	GET	/notes	http://localhost:3000
20241113	11:07:43	40c77d7d-dc09-44f7-855f-087c69d1f233	OPTIONS	/notes	http://localhost:3000
20241113	11:07:43	d2433125-a47c-4e5d-a553-21e517c951b5	GET	/notes	http://localhost:3000
20241113	11:07:59	070dfc95-011f-41fb-bb4a-b951778b8e22	OPTIONS	/notes	http://localhost:3000
20241113	11:07:59	134ac3a8-fece-4d0a-a6fe-285263c5098f	GET	/notes	http://localhost:3000
20241113	11:08:15	65d4aeb8-4b57-43b1-9567-4a7c859c2f60	OPTIONS	/notes	http://localhost:3000
20241113	11:08:15	1f181e20-7e98-4a00-bafe-a8f01ea43c2f	GET	/notes	http://localhost:3000
20241113	11:08:31	22fc4b44-95aa-449c-9bc7-c05a6c98fe00	OPTIONS	/notes	http://localhost:3000
20241113	11:08:31	ba08be43-4e29-44ea-af2e-5675282e48f1	GET	/notes	http://localhost:3000
20241113	11:08:47	86c2a15c-e0d2-4451-a40c-e3fb675f4ca6	OPTIONS	/notes	http://localhost:3000
20241113	11:08:47	3c37aa94-37b5-44ee-8749-1331257db4bf	GET	/notes	http://localhost:3000
20241113	11:09:03	f74ed0cf-b9ea-4b7e-86d4-bf5eb6fdc0d6	OPTIONS	/notes	http://localhost:3000
20241113	11:09:03	6f2fd837-95f0-4125-bd11-73dacf9aeb62	GET	/notes	http://localhost:3000
20241113	11:09:19	c49d413b-5f02-4c01-ab07-5a836377bd64	OPTIONS	/notes	http://localhost:3000
20241113	11:09:19	ab973155-5478-4378-b85f-72660267ca87	GET	/notes	http://localhost:3000
20241113	11:09:35	3e657e4b-fe65-4904-b71c-aa42c136a9c6	OPTIONS	/notes	http://localhost:3000
20241113	11:09:35	a6be981f-3467-4587-87c8-530436228f3d	GET	/notes	http://localhost:3000
20241113	11:09:51	62c6cabe-2a13-4fe8-b35c-2cb7684558b4	OPTIONS	/notes	http://localhost:3000
20241113	11:09:51	a5e2caf4-d767-4e01-b3d5-79bdcdf724dc	GET	/notes	http://localhost:3000
20241113	11:10:07	964be343-45ca-4032-9a72-9509190cd12d	OPTIONS	/notes	http://localhost:3000
20241113	11:10:07	a42f827c-988a-4ed9-a28a-ef5df6079256	GET	/notes	http://localhost:3000
20241113	11:10:23	e61cf78b-4fbc-42f5-bc20-8f741196b8b0	OPTIONS	/notes	http://localhost:3000
20241113	11:10:23	7639bb5a-d973-4de7-97a7-5487a0da7b66	GET	/notes	http://localhost:3000
20241113	11:10:39	2190ec17-f3c3-46e8-816e-649f9f6b7d95	OPTIONS	/notes	http://localhost:3000
20241113	11:10:39	5d1958d4-48a5-462f-9e86-717c14717495	GET	/notes	http://localhost:3000
20241113	11:10:55	e90dccee-dfaa-4426-ae42-f25341e0e37a	OPTIONS	/notes	http://localhost:3000
20241113	11:10:55	edcacb24-4d48-4213-b2f2-d6d09f3ae540	GET	/notes	http://localhost:3000
20241113	11:11:11	0038361d-76f3-4080-aaff-d14a644e4874	OPTIONS	/notes	http://localhost:3000
20241113	11:11:11	f5a3a210-3e9a-4359-8c32-721573510114	GET	/notes	http://localhost:3000
20241113	11:11:27	fffc2844-5eb2-4895-92cc-cedef5612d98	OPTIONS	/notes	http://localhost:3000
20241113	11:11:27	fc645df0-f2ef-4907-8caf-a07229acbe7d	GET	/notes	http://localhost:3000
20241113	11:11:43	87f8ba0d-1eb3-4079-94dd-f8cadad9e3fd	OPTIONS	/notes	http://localhost:3000
20241113	11:11:43	d3396eaf-febe-4cec-8618-d5bf8979025a	GET	/notes	http://localhost:3000
20241113	11:11:59	679bba98-1381-409d-a1a2-344d1a0bf08c	OPTIONS	/notes	http://localhost:3000
20241113	11:11:59	add219bc-2d17-474b-91dd-4c8aa19c5af7	GET	/notes	http://localhost:3000
20241113	11:12:15	8dbf7109-aff1-4591-a050-8a985afb15b0	OPTIONS	/notes	http://localhost:3000
20241113	11:12:15	efd291f8-b94e-4909-a0ae-baeed1024228	GET	/notes	http://localhost:3000
20241113	11:12:31	66d31085-81b0-4ed6-b09e-6a814a1680e3	OPTIONS	/notes	http://localhost:3000
20241113	11:12:31	3b5953e6-1e74-420a-82ea-bc248465ddef	GET	/notes	http://localhost:3000
20241113	11:12:47	b9288d16-29db-4e5e-9c47-9b243beac5d8	OPTIONS	/notes	http://localhost:3000
20241113	11:12:47	3e1ea8c5-ce09-4eb2-8dbc-f4d4a7d3a13a	GET	/notes	http://localhost:3000
20241113	11:12:57	71493550-3cbf-44ec-b61e-6cf0dbfb2719	OPTIONS	/notes	http://localhost:3000
20241113	11:12:57	8b630a80-c808-46d1-9e46-93a8b859c483	GET	/notes	http://localhost:3000
20241113	11:13:02	52d8ac58-24c4-4e82-b080-2185f5aacf3d	GET	/notes	http://localhost:3000
20241113	11:13:10	dd4812df-506b-4942-99fb-fafb4b4dad2f	GET	/auth/refresh	http://localhost:3000
20241113	11:13:10	74b408ba-ddcc-4f9b-8eef-7aa1ed9a2f03	OPTIONS	/notes	http://localhost:3000
20241113	11:13:10	6d13f159-2fa4-4c62-999d-53ef69e7ab32	OPTIONS	/users	http://localhost:3000
20241113	11:13:10	b6e675fc-3052-4899-b577-9adab206726a	OPTIONS	/notes	http://localhost:3000
20241113	11:13:10	9981fcdc-8a5f-4cd6-82d4-44d334523c8c	GET	/notes	http://localhost:3000
20241113	11:13:10	08b567b4-df74-4988-add5-08603203c3a3	GET	/users	http://localhost:3000
20241113	11:13:10	44f44f76-b359-4ad0-a702-a1e7102a3f81	GET	/notes	http://localhost:3000
20241113	11:13:19	77ef949d-25e4-4388-9b0f-4122ae2e5fda	OPTIONS	/auth/logout	http://localhost:3000
20241113	11:13:19	84c3485c-e4ed-4deb-be63-c0471325263a	POST	/auth/logout	http://localhost:3000
20241113	11:13:32	9b972421-4922-4559-8219-b3e8bc7d18e8	OPTIONS	/auth	http://localhost:3000
20241113	11:13:32	e14e3e9d-d793-4797-ad8e-7af7a592839c	POST	/auth	http://localhost:3000
20241113	11:13:33	14594f2a-7b25-4837-be04-2440dda3fe22	OPTIONS	/notes	http://localhost:3000
20241113	11:13:33	66ac2048-0e92-4d9e-bc61-d2e5522a0858	OPTIONS	/users	http://localhost:3000
20241113	11:13:33	16e9e7e8-4cca-4745-b709-9725bbcf3317	GET	/notes	http://localhost:3000
20241113	11:13:33	0b964a2e-7b8f-4447-80ff-0984944345c0	GET	/users	http://localhost:3000
20241113	11:13:39	bcf8e5b5-85cc-4e8d-b31c-98a886ea30bc	OPTIONS	/notes	http://localhost:3000
20241113	11:13:39	b90794eb-cfcb-43ac-82cf-859327e25496	GET	/notes	http://localhost:3000
20241113	11:13:44	8b64e1ff-5a76-4b3c-9985-1cdec518a7ce	OPTIONS	/users	http://localhost:3000
20241113	11:13:44	97ddcbb5-ea3c-474b-9fc9-b7f24c30bc28	GET	/users	http://localhost:3000
20241113	11:13:50	21ca7e3c-e663-440e-aff5-16fa571c59a6	OPTIONS	/auth/logout	http://localhost:3000
20241113	11:13:50	5145edef-42a4-4a74-aa77-54e21f2f73e5	POST	/auth/logout	http://localhost:3000
20241113	11:13:58	6e4ac3a0-15d8-4912-b17d-caa0fcefbec9	GET	/auth/refresh	http://localhost:3000
20241113	11:14:13	84b933d8-ee0c-40d6-a40d-836386617f53	OPTIONS	/auth	http://localhost:3000
20241113	11:14:13	4927b03a-08fb-4766-a38d-d224a45eb355	POST	/auth	http://localhost:3000
20241113	11:14:13	cbc5f2d9-8be9-4412-b776-d915b2dcc289	OPTIONS	/notes	http://localhost:3000
20241113	11:14:13	566a7c77-8d20-44c0-a9ae-e0982d9d1eff	OPTIONS	/users	http://localhost:3000
20241113	11:14:13	e24b93fe-4d9a-4c2c-9f2c-754b94dd2e13	GET	/notes	http://localhost:3000
20241113	11:14:13	4535a73c-0674-4485-b686-edb645a82f19	GET	/users	http://localhost:3000
20241113	11:14:21	fce5af1f-315f-4efa-8779-6582b2930e0c	OPTIONS	/notes	http://localhost:3000
20241113	11:14:21	09937a61-97ca-47fa-b2a4-b8de587d02e0	GET	/notes	http://localhost:3000
20241113	11:14:57	e1955106-cd73-4112-9862-7c4fd71afb31	OPTIONS	/notes	http://localhost:3000
20241113	11:14:57	f9462008-a1fb-4208-90c0-041d0526b057	POST	/notes	http://localhost:3000
20241113	11:14:58	a53e3e74-9866-47a1-a95f-baf5db4a4418	GET	/notes	http://localhost:3000
20241113	11:14:58	2f297a26-4775-450f-8d78-0ec4ad2ed9b7	GET	/notes	http://localhost:3000
20241113	11:15:03	aee871b8-083d-46b8-90a0-5de1bb646b1a	GET	/auth/refresh	http://localhost:3000
20241113	11:15:04	233d4a9a-71fc-47bf-b8bd-be771bdbfacf	OPTIONS	/notes	http://localhost:3000
20241113	11:15:04	34ea8a22-edef-405d-af00-e27d4d701133	OPTIONS	/notes	http://localhost:3000
20241113	11:15:04	3a4b90a4-4687-4333-bfdc-ec3be788fb66	OPTIONS	/users	http://localhost:3000
20241113	11:15:04	ac418fe7-6567-401c-9062-9cd0a0f868c8	GET	/notes	http://localhost:3000
20241113	11:15:04	69cfc727-6cab-4236-b939-a231c126f10f	GET	/users	http://localhost:3000
20241113	11:15:04	50278d3d-78ba-41a8-bf68-76a7e7f96380	GET	/notes	http://localhost:3000
20241113	11:15:28	9e11b72b-d9ab-4629-88d5-ea54854b49f7	OPTIONS	/auth/logout	http://localhost:3000
20241113	11:15:28	cce49bcf-4162-401c-936a-cf9a095ac659	POST	/auth/logout	http://localhost:3000
20241113	11:15:45	9b17f251-74e6-4bc7-b23f-aa370e32fc44	OPTIONS	/auth	http://localhost:3000
20241113	11:15:45	5037ad90-728a-48fc-8f27-432d224b6738	POST	/auth	http://localhost:3000
20241113	11:15:45	011a9a3b-0773-4109-8f03-4bb4d5227889	OPTIONS	/notes	http://localhost:3000
20241113	11:15:45	e78f8813-7ff3-46a1-bf59-7b99bb27d349	OPTIONS	/users	http://localhost:3000
20241113	11:15:45	138120df-45e9-4c74-8a1e-ccf4d8b0daf9	GET	/notes	http://localhost:3000
20241113	11:15:45	0107f4e1-ef3b-400d-b1b3-95857ed59400	GET	/users	http://localhost:3000
20241113	11:15:49	deb7d25a-5c90-494d-9ff8-36b8ba90a064	GET	/notes	http://localhost:3000
20241113	11:16:05	750ff938-0fad-49e3-91fc-1a797e6b62a1	OPTIONS	/users	http://localhost:3000
20241113	11:16:05	0581ae8e-b39f-4ce2-9a8f-26b9f79ce2f4	GET	/users	http://localhost:3000
20241113	11:19:06	57956cf4-9d05-462c-8476-01debe60b679	GET	/auth/refresh	http://localhost:3000
20241113	11:19:07	7b0475ce-840c-4937-8507-d5bd69932bfe	OPTIONS	/notes	http://localhost:3000
20241113	11:19:07	ae41c5ed-3e4b-42ed-b599-12d4aab1b36b	GET	/notes	http://localhost:3000
20241113	11:19:07	5223252c-4b0a-473f-88e1-6898c60f343c	OPTIONS	/users	http://localhost:3000
20241113	11:19:07	11efde0f-c249-4138-a108-f67edfa5d875	GET	/users	http://localhost:3000
20241113	11:20:59	5968f8c7-63ac-4888-829a-1b5c8244b004	GET	/auth/refresh	http://localhost:3000
20241113	11:20:59	6915c90c-4c37-489d-a224-9fdbecea72a9	OPTIONS	/notes	http://localhost:3000
20241113	11:20:59	e5a9cfa9-457a-4531-b929-6967dfc353fa	OPTIONS	/users	http://localhost:3000
20241113	11:20:59	0a9a0d29-232f-4dbc-ad3a-d729e49865cf	GET	/notes	http://localhost:3000
20241113	11:20:59	669a60d8-5cdd-45cb-8410-ac703f6cf1e7	GET	/users	http://localhost:3000
20241113	11:21:00	bdd4f001-2961-45a7-9398-5a93cf76c336	GET	/notes	http://localhost:3000
20241113	11:21:03	f5a79d73-0dda-471c-b15b-9a2e520461d6	OPTIONS	/auth/logout	http://localhost:3000
20241113	11:21:03	077a3f04-d860-4898-96fa-0fe9bb62722f	POST	/auth/logout	http://localhost:3000
20241113	11:21:05	2e4d0189-6fc3-4b19-aa8d-3c50ceeb2d20	GET	/auth/refresh	http://localhost:3000
20241113	11:47:18	5d86b186-123f-4179-b0de-07917f575a26	GET	/auth/refresh	http://localhost:3000
20241113	11:47:37	df443623-bf65-4ce3-aefa-e04866336673	OPTIONS	/auth	http://localhost:3000
20241113	11:47:37	e4898155-489e-45e9-accf-2b5d14565d23	POST	/auth	http://localhost:3000
20241113	11:47:38	5c8ce42d-ace5-4b76-8cea-6d3ddf8738bc	OPTIONS	/notes	http://localhost:3000
20241113	11:47:38	9f723190-f6ac-4f8b-b2d4-94cb35fe0a64	OPTIONS	/users	http://localhost:3000
20241113	11:47:38	92975e23-1d1f-4b50-b58c-8bfc37c192e7	GET	/notes	http://localhost:3000
20241113	11:47:38	5759a47b-a439-4386-813c-5de99bf62c6c	GET	/users	http://localhost:3000
20241113	11:55:23	1bdc96c1-7be2-4820-bf99-6d835bab8b44	GET	/auth/refresh	http://localhost:3000
20241113	11:55:23	9f55ca74-9075-4105-ba67-132ff68a0e4c	OPTIONS	/notes	http://localhost:3000
20241113	11:55:23	5033aece-9f68-40f4-b452-3d8a0ab0fdaf	OPTIONS	/users	http://localhost:3000
20241113	11:55:23	5af3fa5a-2934-4e3c-866f-ea7c54c6a6ad	GET	/notes	http://localhost:3000
20241113	11:55:23	1fd1e45b-32c9-4ef9-bc89-2ed209b703fe	GET	/users	http://localhost:3000
20241113	11:55:30	a1855ab5-7a6d-45cf-bc40-204d6d2b6a16	OPTIONS	/users	http://localhost:3000
20241113	11:55:30	1c8df125-5b83-4a55-aca7-b7bd914efd4e	GET	/users	http://localhost:3000
20241113	11:56:30	4b253564-80b4-4fd4-9c0d-4b79e131a68d	OPTIONS	/users	http://localhost:3000
20241113	11:56:30	404a1747-2eaa-460d-8b75-640262bcdcfa	GET	/users	http://localhost:3000
20241113	11:57:31	95ce18bc-d589-4118-8d36-099439df6177	OPTIONS	/users	http://localhost:3000
20241113	11:57:31	fb7384c4-3a26-4a0b-a44c-ba6abca84c29	GET	/users	http://localhost:3000
20241113	11:58:32	75d910f7-c942-46e9-b107-26836e05138e	OPTIONS	/users	http://localhost:3000
20241113	11:58:32	f4f731fd-b5a7-4e9d-9651-dd6b2832fca9	GET	/users	http://localhost:3000
20241113	11:59:33	5f31f29e-5a37-4064-8d3b-e637fc391755	OPTIONS	/users	http://localhost:3000
20241113	11:59:33	35f170d0-261a-4409-ae05-93778f5b3b5a	GET	/users	http://localhost:3000
20241113	12:00:34	99f004e7-9dc7-4744-9a88-1b69f27ddf88	OPTIONS	/users	http://localhost:3000
20241113	12:00:34	a2ff6c57-53e8-46d2-8ba5-4818efd45817	GET	/users	http://localhost:3000
20241113	12:01:35	01231aa7-8068-46da-8e05-4d0429216859	OPTIONS	/users	http://localhost:3000
20241113	12:01:35	b81697c3-d3bd-435e-9ec0-b5d87b25e9db	GET	/users	http://localhost:3000
20241113	12:02:36	121ffaa8-5be2-4f00-ac7f-278fdbddaf88	OPTIONS	/users	http://localhost:3000
20241113	12:02:36	11d951a6-ea08-4ef3-a3f7-d9322169ace8	GET	/users	http://localhost:3000
20241113	12:03:37	1b6a337b-a57e-4a18-8b58-4b8b004b6b12	OPTIONS	/users	http://localhost:3000
20241113	12:03:37	e31abbf2-4259-4652-a23f-d9f06f8dfc41	GET	/users	http://localhost:3000
20241113	12:04:38	67f767c8-bc4b-45c0-ba0e-4e23a54ab30c	OPTIONS	/users	http://localhost:3000
20241113	12:04:38	aa0efd12-ec4f-4db6-a61e-8153c08946fb	GET	/users	http://localhost:3000
20241113	12:05:39	74624970-3040-478c-8816-17e5321ce83e	OPTIONS	/users	http://localhost:3000
20241113	12:05:39	573da066-6f10-4a58-8f53-dee2b827a921	GET	/users	http://localhost:3000
20241113	12:06:40	ab3d46f6-ae20-456e-9a9e-e65973a9297f	OPTIONS	/users	http://localhost:3000
20241113	12:06:40	95226fd8-3184-4a70-9372-a2e6a7566ae6	GET	/users	http://localhost:3000
20241113	12:07:41	a5006537-3772-4eff-9351-2aa7e614f886	OPTIONS	/users	http://localhost:3000
20241113	12:07:41	b2cbf621-7f14-490c-9b3e-e180103e9ace	GET	/users	http://localhost:3000
20241113	12:08:42	ae782b6d-faa1-4372-82ac-aeac48622aba	OPTIONS	/users	http://localhost:3000
20241113	12:08:42	c8f3400a-a12e-4768-937a-b73170bfa648	GET	/users	http://localhost:3000
20241113	12:09:43	2731121a-8ba4-4382-9da9-d85ea5ff3218	OPTIONS	/users	http://localhost:3000
20241113	12:09:43	f885268a-3061-4c9c-b496-827dbc082c46	GET	/users	http://localhost:3000
20241113	12:10:44	070b981b-389a-4129-8c58-7d4c49e73c1e	OPTIONS	/users	http://localhost:3000
20241113	12:10:44	f62ca7e2-21de-4561-a6d3-fb3ca8a7171b	GET	/users	http://localhost:3000
20241113	12:10:44	a321e6dd-f7e9-454d-b71f-1fd89eb92f66	OPTIONS	/auth/refresh	http://localhost:3000
20241113	12:10:44	4451c5ab-41cf-47f6-8fde-f10f7b107389	GET	/auth/refresh	http://localhost:3000
20241113	12:10:44	c99dda58-bfbf-411f-8a16-963cf31e3642	GET	/users	http://localhost:3000
20241113	12:11:45	62dfa85c-a37b-472a-b978-e83b47f94c5d	OPTIONS	/users	http://localhost:3000
20241113	12:11:45	047c0385-eb31-4c43-9d46-00cc36abcba5	GET	/users	http://localhost:3000
20241113	12:12:46	d5409055-5705-4618-ad69-3ea081fcf2d4	OPTIONS	/users	http://localhost:3000
20241113	12:12:46	bcd9be26-8ac8-47fb-b9bc-4d9b3cdaba36	GET	/users	http://localhost:3000
20241113	12:13:47	e2934037-27e2-4428-a340-d69639b55f79	OPTIONS	/users	http://localhost:3000
20241113	12:13:47	9fe29fd8-fdde-4a03-8cc4-d88ed40f80a9	GET	/users	http://localhost:3000
20241113	12:14:48	21870821-1bcf-4b1c-bc98-5c68d2cfd88f	OPTIONS	/users	http://localhost:3000
20241113	12:14:48	0263c809-c409-4f3f-bf3d-313102404b34	GET	/users	http://localhost:3000
20241113	12:15:49	376dd5b5-cc03-4d24-97e5-afcd8df2703c	OPTIONS	/users	http://localhost:3000
20241113	12:15:49	3f45a070-8b9b-4695-8cd3-a23f16c941ed	GET	/users	http://localhost:3000
20241113	12:16:50	56a3a6fc-64aa-428c-9019-80fc6b26eeff	OPTIONS	/users	http://localhost:3000
20241113	12:16:50	48c87298-96d2-4413-966d-e6af52f3af5c	GET	/users	http://localhost:3000
20241113	12:17:51	a2c1d3a2-1e9a-4ef7-ac3e-35c294b55743	OPTIONS	/users	http://localhost:3000
20241113	12:17:51	cc0207e8-adbe-4745-8bbe-0890bca2ba88	GET	/users	http://localhost:3000
20241113	12:18:52	12a566f8-75be-4aa3-9dcc-a173179c03be	OPTIONS	/users	http://localhost:3000
20241113	12:18:52	fc5fcad1-d893-4532-a189-2aacc771bedb	GET	/users	http://localhost:3000
20241113	12:19:53	fb77f203-8ce1-413e-a753-1605792171ac	OPTIONS	/users	http://localhost:3000
20241113	12:19:53	e210463b-e5c3-4c17-9e9f-cbf4e2cffc63	GET	/users	http://localhost:3000
20241113	12:20:54	4bfdba7e-8dc5-4efb-8fcf-b66d259423eb	OPTIONS	/users	http://localhost:3000
20241113	12:20:54	772399fd-1151-449a-8dc7-7d1ae23beb2a	GET	/users	http://localhost:3000
20241113	12:22:58	a41f25c4-aff0-4ecb-ab4c-e1d2aa487f81	OPTIONS	/users	http://localhost:3000
20241113	12:22:58	789f014a-41a2-40fb-ac69-713f14398a18	GET	/users	http://localhost:3000
20241113	12:23:59	e33fca03-527f-411f-a2c2-c41e789cf599	OPTIONS	/users	http://localhost:3000
20241113	12:23:59	b3bbd286-e547-4464-ab63-e7d4099a0e37	GET	/users	http://localhost:3000
20241113	12:25:00	7fc4fded-d877-4223-9bd2-51169417405d	OPTIONS	/users	http://localhost:3000
20241113	12:25:00	ddb38f02-c7bc-4321-93ab-ec3ca418ad85	GET	/users	http://localhost:3000
20241113	12:26:01	ca558d8e-d078-42cd-b313-f0078b97d99b	OPTIONS	/users	http://localhost:3000
20241113	12:26:01	fee5baeb-3a9e-47ea-ab96-177c70d414fc	GET	/users	http://localhost:3000
20241113	12:26:01	b0e47400-6fca-4c64-8e55-807a9cdf153d	OPTIONS	/auth/refresh	http://localhost:3000
20241113	12:26:01	a28701cf-f7f8-4da9-8ab2-ad28a5b61d26	GET	/auth/refresh	http://localhost:3000
20241113	12:26:01	d60e4ec6-f423-4e31-b7d5-02a5b9e6842d	GET	/users	http://localhost:3000
20241113	12:26:15	ec06adac-bf21-4649-9235-99a6ce70df69	OPTIONS	/users	http://localhost:3000
20241113	12:26:15	1e461b25-bb0f-4de2-b710-f53d34bc52c8	GET	/users	http://localhost:3000
20241113	12:26:19	0a839a02-561a-4c1d-84c6-154c3cf571ab	GET	/auth/refresh	http://localhost:3000
20241113	12:26:20	a7b388f7-0d6e-47cb-aa1a-2cf88ead52a3	OPTIONS	/notes	http://localhost:3000
20241113	12:26:20	f7453420-18a5-4547-bac7-0df2d1dc963d	GET	/users	http://localhost:3000
20241113	12:26:20	dc9d4588-84f3-46ba-8bfc-f0beeaa0e8b3	GET	/notes	http://localhost:3000
20241113	12:26:20	015d3222-bda9-4cba-9692-e74edeb3a3df	GET	/users	http://localhost:3000
20241113	12:27:21	e5e5133b-c5dc-43b6-b2be-af0acbcbc446	OPTIONS	/users	http://localhost:3000
20241113	12:27:21	47b7ed8f-b166-478d-a819-a14434c997aa	GET	/users	http://localhost:3000
20241113	12:28:22	fccf0e87-11d4-43aa-b0f5-ecf7bec40540	OPTIONS	/users	http://localhost:3000
20241113	12:28:22	ac329977-5f56-40d7-adee-fd01c1010c3a	GET	/users	http://localhost:3000
20241113	12:29:23	7b876aa6-88ca-4edc-b683-851262c8bf37	OPTIONS	/users	http://localhost:3000
20241113	12:29:23	6563fab5-d59f-4190-b3df-19265c1178fa	GET	/users	http://localhost:3000
20241113	12:30:24	5dc2b16a-ac0b-495a-a47e-8437d898ff7b	OPTIONS	/users	http://localhost:3000
20241113	12:30:24	92b6dd08-a92c-4ac3-8c69-bf288092aadb	GET	/users	http://localhost:3000
20241113	12:31:25	c4569fc0-51da-4210-80a0-0cc3e8f491d8	OPTIONS	/users	http://localhost:3000
20241113	12:31:25	cf11c7b8-b71a-43cc-8b19-494841c02bf5	GET	/users	http://localhost:3000
20241113	12:32:26	5235c3d8-a4a7-4823-bc40-d1588b11511e	OPTIONS	/users	http://localhost:3000
20241113	12:32:26	f2369706-3d6e-4120-8612-b19110079f73	GET	/users	http://localhost:3000
20241113	12:33:27	88766cea-3307-470b-9033-553d70a1623b	OPTIONS	/users	http://localhost:3000
20241113	12:33:27	999afcdc-8543-4a16-b7f1-b233e2d73126	GET	/users	http://localhost:3000
20241113	12:33:33	64551dc3-d042-42ec-bc84-3aecbb57d68d	OPTIONS	/users	http://localhost:3000
20241113	12:33:33	ffcf5494-631c-45dc-8890-a15bac186134	GET	/users	http://localhost:3000
20241113	12:33:35	cddc2b30-ae53-4614-bf97-030f1ac741f0	GET	/auth/refresh	http://localhost:3000
20241113	12:33:36	5aa314df-b428-489c-b3be-74647f355fff	OPTIONS	/notes	http://localhost:3000
20241113	12:33:36	1d9dc9ae-a41a-4775-a174-6a42c0e62765	GET	/users	http://localhost:3000
20241113	12:33:36	7b04f2e2-9658-49e0-baf5-9ebdc38b96e7	GET	/notes	http://localhost:3000
20241113	12:33:36	f2a83df3-f219-4fa4-852a-21926eff3c40	GET	/users	http://localhost:3000
20241113	12:33:38	f9305c22-3a67-468c-b91f-f810eebdd583	GET	/notes	http://localhost:3000
20241113	12:33:44	5b8b3c71-bbb0-47be-a00b-2c925cf56489	OPTIONS	/notes	http://localhost:3000
20241113	12:33:44	a4f68074-a39a-4b23-aedf-d17f045c430a	GET	/notes	http://localhost:3000
20241113	12:33:59	c9150f55-d0a7-40e6-a973-bdf8fbba1cf4	OPTIONS	/notes	http://localhost:3000
20241113	12:33:59	87d4b8da-3578-4e97-a94d-4df40f95e962	GET	/notes	http://localhost:3000
20241113	12:34:14	8b0604c4-442e-4f27-b7a4-ef792855e8c0	OPTIONS	/notes	http://localhost:3000
20241113	12:34:14	fe58e08f-ee3f-421c-abd1-b13d64fd96bb	GET	/notes	http://localhost:3000
20241113	12:34:29	a8c8a3ab-3a47-4bf7-9bcb-f105a19dcb4d	OPTIONS	/notes	http://localhost:3000
20241113	12:34:29	97481057-6691-4f70-be51-f21ba9968579	GET	/notes	http://localhost:3000
20241113	12:34:44	242a164d-ab21-4d02-a4bc-9850b01f4ff7	OPTIONS	/notes	http://localhost:3000
20241113	12:34:44	7d3a6e0f-b1f8-433c-ae2e-55b83634b6c0	GET	/notes	http://localhost:3000
20241113	12:34:59	ddce6744-119c-48e9-bd18-ff343a90cf39	OPTIONS	/notes	http://localhost:3000
20241113	12:34:59	5c35e226-c8cc-49bc-973a-23191481a08a	GET	/notes	http://localhost:3000
20241113	12:35:14	32cdf46f-2df5-4433-bd37-85efaf47a2db	OPTIONS	/notes	http://localhost:3000
20241113	12:35:14	0538d900-f752-4f0b-8eb9-361511167e41	GET	/notes	http://localhost:3000
20241113	12:35:29	bd7bb4e1-5d94-4122-bee7-29af6f64defb	OPTIONS	/notes	http://localhost:3000
20241113	12:35:29	60c8c471-6165-4abe-89f3-cba7ad0a90b5	GET	/notes	http://localhost:3000
20241113	12:35:44	ecabc19f-efac-47bf-a77a-70b0fd5fd338	OPTIONS	/notes	http://localhost:3000
20241113	12:35:44	c683ca54-093c-412f-975e-b4cf1bd8fa96	GET	/notes	http://localhost:3000
20241113	12:35:59	07ce03a4-93ee-4378-94a6-86bf2c7da45a	OPTIONS	/notes	http://localhost:3000
20241113	12:35:59	61d74f3b-4d5e-4593-b840-757aa8cd03cb	GET	/notes	http://localhost:3000
20241113	12:36:15	54f677d2-277e-4eb7-a72c-528002c3f224	OPTIONS	/notes	http://localhost:3000
20241113	12:36:15	7ff0317b-4c4a-4a2d-9313-d47e780670fd	GET	/notes	http://localhost:3000
20241113	12:36:30	ccec0c6a-57b9-4e3b-a048-7ff72d6ef67d	OPTIONS	/notes	http://localhost:3000
20241113	12:36:30	0c187064-2d36-4c94-9c97-791dc59fec3d	GET	/notes	http://localhost:3000
20241113	12:36:45	a4febb74-6541-4e6a-87a3-91789586d831	OPTIONS	/notes	http://localhost:3000
20241113	12:36:45	3595e0fc-1a7f-42b2-a5c2-ee2632239b6e	GET	/notes	http://localhost:3000
20241113	12:37:00	f5a154f5-9aaa-4fd0-a8dd-8f3e309b02c4	OPTIONS	/notes	http://localhost:3000
20241113	12:37:00	bb87f29d-fc9a-4123-8ad6-e923b73b9f92	GET	/notes	http://localhost:3000
20241113	12:37:15	7072e4eb-390f-484a-9027-2062975455ec	OPTIONS	/notes	http://localhost:3000
20241113	12:37:15	963070a4-e4bb-4eda-b564-6348424f91c5	GET	/notes	http://localhost:3000
20241113	12:37:30	c064c5ff-8571-4be9-b598-990379816ceb	OPTIONS	/notes	http://localhost:3000
20241113	12:37:30	92b8e592-3980-4570-b4c9-2dbf8b444bae	GET	/notes	http://localhost:3000
20241113	12:37:45	491e53e2-3605-4ea7-8fdf-c76421247227	OPTIONS	/notes	http://localhost:3000
20241113	12:37:45	e421ce81-21a0-4466-bddb-ca5f564da79c	GET	/notes	http://localhost:3000
20241113	12:38:00	32eb5c01-e04b-49b2-8a0a-d13bf2034eb9	OPTIONS	/notes	http://localhost:3000
20241113	12:38:00	55b59b46-9b83-4a8a-b3b5-f55db3548bf0	GET	/notes	http://localhost:3000
20241113	12:38:15	eae33d63-c4c9-48eb-80b2-b15567488850	OPTIONS	/notes	http://localhost:3000
20241113	12:38:15	c0049a49-5365-49f1-b9a7-64f7c7fd7031	GET	/notes	http://localhost:3000
20241113	12:38:30	171a0333-8884-434a-9551-23840da98915	OPTIONS	/notes	http://localhost:3000
20241113	12:38:30	44bfeb8b-997a-4a41-9aeb-74d0b8483d34	GET	/notes	http://localhost:3000
20241113	12:38:45	605c5d4a-3313-4e1d-a6db-eae307321d0d	OPTIONS	/notes	http://localhost:3000
20241113	12:38:45	c79b722a-42a0-4143-9d65-b659394cd96e	GET	/notes	http://localhost:3000
20241113	12:39:00	e565b5c7-62c3-4bdc-aa12-6b643fa6d7b7	OPTIONS	/notes	http://localhost:3000
20241113	12:39:00	c382e961-5d1f-467e-ac47-b44fa73ec775	GET	/notes	http://localhost:3000
20241113	12:39:15	563cb59f-db8f-488c-8f7b-658cf0a6e139	OPTIONS	/notes	http://localhost:3000
20241113	12:39:15	f651a221-368d-4531-b8a4-8a83cc40e2aa	GET	/notes	http://localhost:3000
20241113	12:39:30	a014ac11-4ab8-41a2-8262-86974bbefb46	OPTIONS	/notes	http://localhost:3000
20241113	12:39:30	515d477e-f58f-471c-bc7e-2eb1d67a3209	GET	/notes	http://localhost:3000
20241113	12:39:45	408d9617-53fa-4c61-b289-fe6123fb1810	OPTIONS	/notes	http://localhost:3000
20241113	12:39:45	726818f1-e713-4487-9477-4b3192eee120	GET	/notes	http://localhost:3000
20241113	12:40:01	fd097ca0-9966-4de8-b111-407d0eac083a	OPTIONS	/notes	http://localhost:3000
20241113	12:40:01	6bd658c7-8590-48ab-904c-ffa83003060f	GET	/notes	http://localhost:3000
20241113	12:40:16	b80bed0f-4186-4d49-8c94-ae429f8410d1	OPTIONS	/notes	http://localhost:3000
20241113	12:40:16	65d11cd5-0929-45c8-9b32-9313885ac494	GET	/notes	http://localhost:3000
20241113	12:40:31	2280e6ec-92a3-41e7-8e66-6ab5c43e0607	OPTIONS	/notes	http://localhost:3000
20241113	12:40:31	86f53acb-19d9-476d-9910-6af0e7b14d7f	GET	/notes	http://localhost:3000
20241113	12:40:46	e4a160bd-a00f-4eb9-baee-1eaf67c3edb2	OPTIONS	/notes	http://localhost:3000
20241113	12:40:46	d77d9942-0582-48d9-a350-4905e2f4e0f5	GET	/notes	http://localhost:3000
20241113	12:41:01	2bd72551-7c87-4f2a-8c93-dd6cc2f61a03	OPTIONS	/notes	http://localhost:3000
20241113	12:41:01	ca57b402-8870-4e8e-99ed-f234d0cfaba9	GET	/notes	http://localhost:3000
20241113	12:41:16	82dab1f0-06a7-41db-8eb0-36a5461c6155	OPTIONS	/notes	http://localhost:3000
20241113	12:41:16	3fbd483e-57ab-4b5c-bfaf-1c1bacc11a99	GET	/notes	http://localhost:3000
20241113	12:41:31	72a4a401-3502-41f4-98d0-0772fbfca2fe	OPTIONS	/notes	http://localhost:3000
20241113	12:41:31	5c052e69-f8a4-4e78-8594-213ed668f3d4	GET	/notes	http://localhost:3000
20241113	12:41:46	140e63b6-c6c7-4147-acd8-810ee7c34ded	OPTIONS	/notes	http://localhost:3000
20241113	12:41:46	f277de75-a084-47f6-953c-1d1f0e4a3358	GET	/notes	http://localhost:3000
20241113	12:42:02	634873f2-3c06-4dd2-a2e9-a323c638a5d4	OPTIONS	/notes	http://localhost:3000
20241113	12:42:02	6a31551f-3133-496e-81b7-0ca347250a7a	GET	/notes	http://localhost:3000
20241113	12:42:17	1696d634-0b07-4326-a368-576b05588077	OPTIONS	/notes	http://localhost:3000
20241113	12:42:17	b3ccbd4c-63f9-4bfb-8e0e-906802ecf888	GET	/notes	http://localhost:3000
20241113	12:42:32	cffddbf1-3870-4d53-af24-ef53a87e0b57	OPTIONS	/notes	http://localhost:3000
20241113	12:42:32	1103fb65-5008-4b49-863c-849a76b42418	GET	/notes	http://localhost:3000
20241113	12:42:47	a80378a3-5656-4fa8-a583-32a406b71202	OPTIONS	/notes	http://localhost:3000
20241113	12:42:47	c4d7362a-c864-4eb3-86e0-12ed99b4c215	GET	/notes	http://localhost:3000
20241113	12:43:02	8bcd8ee8-5996-4d41-9e2c-1ac6c27bac39	OPTIONS	/notes	http://localhost:3000
20241113	12:43:02	cf7a419a-ce82-4ec2-94d2-3809a3c725b4	GET	/notes	http://localhost:3000
20241113	12:43:17	cb1f09b2-34e1-40b6-b8b0-8f2c7a8b73f1	OPTIONS	/notes	http://localhost:3000
20241113	12:43:17	23646a61-076c-4f63-ac4f-5e2bc4366bb2	GET	/notes	http://localhost:3000
20241113	12:43:32	f3b230ec-a233-455d-b596-df18f0b4c2d0	OPTIONS	/notes	http://localhost:3000
20241113	12:43:32	21da66d6-edb0-4c3c-825c-94891058d4f7	GET	/notes	http://localhost:3000
20241113	12:43:48	29e42753-0acc-4d83-b394-0f05828d1f05	OPTIONS	/notes	http://localhost:3000
20241113	12:43:48	b05ae590-4e6f-4abc-95bc-749de847fdfc	GET	/notes	http://localhost:3000
20241113	12:44:03	387a61a2-4c63-4af3-8757-b0dba0e81745	OPTIONS	/notes	http://localhost:3000
20241113	12:44:03	4f627f3d-fb5b-4921-845c-f7d84ff0b98b	GET	/notes	http://localhost:3000
20241113	12:44:18	b3d0bb90-f248-4467-a21e-e43efb586ce5	OPTIONS	/notes	http://localhost:3000
20241113	12:44:18	35203643-a767-4e90-b648-3d8ccea42e8d	GET	/notes	http://localhost:3000
20241113	12:44:33	9cac6df2-e365-4097-936f-25b2e235c26e	OPTIONS	/notes	http://localhost:3000
20241113	12:44:33	d906f74f-3a09-4086-bd03-4b6badac78d3	GET	/notes	http://localhost:3000
20241113	12:44:49	c09bec64-67b6-48bb-b539-4c9f98a06569	OPTIONS	/notes	http://localhost:3000
20241113	12:44:49	a9fdcb30-0ddf-44f1-aad0-a9c6f4dd8a93	GET	/notes	http://localhost:3000
20241113	12:45:04	6de2e854-29c4-4b87-8d36-4025e5188838	OPTIONS	/notes	http://localhost:3000
20241113	12:45:04	1350e4cd-dccd-43b1-a1c7-3f3a0305c57b	GET	/notes	http://localhost:3000
